2019-04-21 19:55:51 - [restartedMain] INFO  c.s.s.S.SpringSecurityApplication - Starting SpringSecurityApplication on DESKTOP-LG5DV4R with PID 13536 (C:\Users\Mohmmad\Downloads\Compressed\SpringSecurity\SpringSecurity\target\classes started by Mohmmad in C:\Users\Mohmmad\Downloads\Compressed\SpringSecurity\SpringSecurity)
2019-04-21 19:55:51 - [restartedMain] INFO  c.s.s.S.SpringSecurityApplication - No active profile set, falling back to default profiles: default
2019-04-21 19:55:51 - [restartedMain] INFO  o.s.b.w.s.c.AnnotationConfigServletWebServerApplicationContext - Refreshing org.springframework.boot.web.servlet.context.AnnotationConfigServletWebServerApplicationContext@61cf9db5: startup date [Sun Apr 21 19:55:51 CEST 2019]; root of context hierarchy
2019-04-21 19:55:53 - [restartedMain] INFO  o.s.c.s.PostProcessorRegistrationDelegate$BeanPostProcessorChecker - Bean 'org.springframework.transaction.annotation.ProxyTransactionManagementConfiguration' of type [org.springframework.transaction.annotation.ProxyTransactionManagementConfiguration$$EnhancerBySpringCGLIB$$39bcb411] is not eligible for getting processed by all BeanPostProcessors (for example: not eligible for auto-proxying)
2019-04-21 19:55:54 - [restartedMain] INFO  o.s.b.w.e.tomcat.TomcatWebServer - Tomcat initialized with port(s): 8080 (http)
2019-04-21 19:55:54 - [restartedMain] INFO  o.a.catalina.core.StandardService - Starting service [Tomcat]
2019-04-21 19:55:54 - [restartedMain] INFO  o.a.catalina.core.StandardEngine - Starting Servlet Engine: Apache Tomcat/8.5.34
2019-04-21 19:55:54 - [localhost-startStop-1] INFO  o.a.c.core.AprLifecycleListener - The APR based Apache Tomcat Native library which allows optimal performance in production environments was not found on the java.library.path: [C:\Program Files\Java\jre1.8.0_201\bin;C:\Windows\Sun\Java\bin;C:\Windows\system32;C:\Windows;C:/Program Files/Java/jdk1.8.0_201/bin/../jre/bin/server;C:/Program Files/Java/jdk1.8.0_201/bin/../jre/bin;C:/Program Files/Java/jdk1.8.0_201/bin/../jre/lib/amd64;C:\Windows\system32;C:\Windows;C:\Windows\System32\Wbem;C:\Windows\System32\WindowsPowerShell\v1.0\;C:\Windows\System32\OpenSSH\;C:\Program Files\nodejs\;C:\Users\Mohmmad\Downloads\Compressed\maven\bin;C:\Program Files\Java\jdk1.8.0_201\bin;C:\Users\Mohmmad\AppData\Local\Microsoft\WindowsApps;C:\Users\Mohmmad\AppData\Roaming\npm;C:\Users\Mohmmad\AppData\Local\Programs\Microsoft VS Code\bin;C:\Users\Mohmmad\Downloads\Compressed\spring-tool-suite-4-4.1.2.RELEASE-e4.10.0-win32.win32.x86_64\sts-4.1.2.RELEASE;;.]
2019-04-21 19:55:54 - [localhost-startStop-1] INFO  o.a.c.c.C.[Tomcat].[localhost].[/] - Initializing Spring embedded WebApplicationContext
2019-04-21 19:55:54 - [localhost-startStop-1] INFO  o.s.web.context.ContextLoader - Root WebApplicationContext: initialization completed in 3164 ms
2019-04-21 19:55:54 - [localhost-startStop-1] INFO  o.s.b.w.s.FilterRegistrationBean - Mapping filter: 'characterEncodingFilter' to: [/*]
2019-04-21 19:55:54 - [localhost-startStop-1] INFO  o.s.b.w.s.FilterRegistrationBean - Mapping filter: 'hiddenHttpMethodFilter' to: [/*]
2019-04-21 19:55:54 - [localhost-startStop-1] INFO  o.s.b.w.s.FilterRegistrationBean - Mapping filter: 'httpPutFormContentFilter' to: [/*]
2019-04-21 19:55:54 - [localhost-startStop-1] INFO  o.s.b.w.s.FilterRegistrationBean - Mapping filter: 'requestContextFilter' to: [/*]
2019-04-21 19:55:54 - [localhost-startStop-1] INFO  o.s.b.w.s.DelegatingFilterProxyRegistrationBean - Mapping filter: 'springSecurityFilterChain' to: [/*]
2019-04-21 19:55:54 - [localhost-startStop-1] INFO  o.s.b.w.s.ServletRegistrationBean - Servlet dispatcherServlet mapped to [/]
2019-04-21 19:55:54 - [restartedMain] INFO  com.zaxxer.hikari.HikariDataSource - HikariPool-1 - Starting...
2019-04-21 19:55:54 - [restartedMain] INFO  com.zaxxer.hikari.HikariDataSource - HikariPool-1 - Start completed.
2019-04-21 19:55:55 - [restartedMain] INFO  o.s.o.j.LocalContainerEntityManagerFactoryBean - Building JPA container EntityManagerFactory for persistence unit 'default'
2019-04-21 19:55:55 - [restartedMain] INFO  o.h.jpa.internal.util.LogHelper - HHH000204: Processing PersistenceUnitInfo [
	name: default
	...]
2019-04-21 19:55:55 - [restartedMain] INFO  org.hibernate.Version - HHH000412: Hibernate Core {5.2.17.Final}
2019-04-21 19:55:55 - [restartedMain] INFO  org.hibernate.cfg.Environment - HHH000206: hibernate.properties not found
2019-04-21 19:55:55 - [restartedMain] INFO  o.h.annotations.common.Version - HCANN000001: Hibernate Commons Annotations {5.0.1.Final}
2019-04-21 19:55:55 - [restartedMain] INFO  org.hibernate.dialect.Dialect - HHH000400: Using dialect: org.hibernate.dialect.MySQL5Dialect
2019-04-21 19:55:56 - [restartedMain] INFO  o.s.o.j.LocalContainerEntityManagerFactoryBean - Initialized JPA EntityManagerFactory for persistence unit 'default'
2019-04-21 19:55:56 - [restartedMain] INFO  o.h.h.i.QueryTranslatorFactoryInitiator - HHH000397: Using ASTQueryTranslatorFactory
2019-04-21 19:55:57 - [restartedMain] INFO  o.s.s.web.DefaultSecurityFilterChain - Creating filter chain: org.springframework.security.web.util.matcher.AnyRequestMatcher@1, [org.springframework.security.web.context.request.async.WebAsyncManagerIntegrationFilter@38ae539b, org.springframework.security.web.context.SecurityContextPersistenceFilter@2c31dbc5, org.springframework.security.web.header.HeaderWriterFilter@63abe26f, org.springframework.security.web.csrf.CsrfFilter@60824689, org.springframework.security.web.authentication.logout.LogoutFilter@69c59951, org.springframework.security.web.authentication.UsernamePasswordAuthenticationFilter@47ff4d56, org.springframework.security.web.savedrequest.RequestCacheAwareFilter@d906951, org.springframework.security.web.servletapi.SecurityContextHolderAwareRequestFilter@4ae0a705, org.springframework.security.web.authentication.AnonymousAuthenticationFilter@41d865ea, org.springframework.security.web.session.SessionManagementFilter@5e6e8d08, org.springframework.security.web.access.ExceptionTranslationFilter@9526dce, org.springframework.security.web.access.intercept.FilterSecurityInterceptor@e86b60a]
2019-04-21 19:55:57 - [restartedMain] INFO  o.s.w.s.h.SimpleUrlHandlerMapping - Mapped URL path [/**/favicon.ico] onto handler of type [class org.springframework.web.servlet.resource.ResourceHttpRequestHandler]
2019-04-21 19:55:57 - [restartedMain] INFO  o.s.w.s.m.m.a.RequestMappingHandlerAdapter - Looking for @ControllerAdvice: org.springframework.boot.web.servlet.context.AnnotationConfigServletWebServerApplicationContext@61cf9db5: startup date [Sun Apr 21 19:55:51 CEST 2019]; root of context hierarchy
2019-04-21 19:55:57 - [restartedMain] WARN  o.s.b.a.o.j.JpaBaseConfiguration$JpaWebConfiguration$JpaWebMvcConfiguration - spring.jpa.open-in-view is enabled by default. Therefore, database queries may be performed during view rendering. Explicitly configure spring.jpa.open-in-view to disable this warning
2019-04-21 19:55:57 - [restartedMain] INFO  o.s.w.s.m.m.a.RequestMappingHandlerMapping - Mapped "{[/admin/updateuserinfo],methods=[POST]}" onto public java.lang.String com.springboot.security.SpringSecurity.controller.AdminController.updateuserinfo(com.springboot.security.SpringSecurity.model.UserInfo,org.springframework.ui.Model,java.security.Principal,org.springframework.web.servlet.mvc.support.RedirectAttributes)
2019-04-21 19:55:57 - [restartedMain] INFO  o.s.w.s.m.m.a.RequestMappingHandlerMapping - Mapped "{[/admin/dashboard],methods=[GET]}" onto public java.lang.String com.springboot.security.SpringSecurity.controller.AdminController.userDashboard(org.springframework.ui.Model,java.security.Principal)
2019-04-21 19:55:57 - [restartedMain] INFO  o.s.w.s.m.m.a.RequestMappingHandlerMapping - Mapped "{[/admin/edituserinfo],methods=[GET]}" onto public java.lang.String com.springboot.security.SpringSecurity.controller.AdminController.editUserInfo(org.springframework.ui.Model,java.security.Principal)
2019-04-21 19:55:57 - [restartedMain] INFO  o.s.w.s.m.m.a.RequestMappingHandlerMapping - Mapped "{[/logout],methods=[GET]}" onto public java.lang.String com.springboot.security.SpringSecurity.controller.LoginController.logoutPage(javax.servlet.http.HttpServletRequest,javax.servlet.http.HttpServletResponse)
2019-04-21 19:55:57 - [restartedMain] INFO  o.s.w.s.m.m.a.RequestMappingHandlerMapping - Mapped "{[/loginfailure],methods=[GET]}" onto public java.lang.String com.springboot.security.SpringSecurity.controller.LoginController.loginfailure(org.springframework.ui.Model)
2019-04-21 19:55:57 - [restartedMain] INFO  o.s.w.s.m.m.a.RequestMappingHandlerMapping - Mapped "{[/],methods=[GET]}" onto public java.lang.String com.springboot.security.SpringSecurity.controller.LoginController.login()
2019-04-21 19:55:57 - [restartedMain] INFO  o.s.w.s.m.m.a.RequestMappingHandlerMapping - Mapped "{[/login],methods=[GET]}" onto public java.lang.String com.springboot.security.SpringSecurity.controller.LoginController.loginpage()
2019-04-21 19:55:57 - [restartedMain] INFO  o.s.w.s.m.m.a.RequestMappingHandlerMapping - Mapped "{[/access-denied],methods=[GET]}" onto public java.lang.String com.springboot.security.SpringSecurity.controller.LoginController.accessdenied(org.springframework.ui.Model)
2019-04-21 19:55:57 - [restartedMain] INFO  o.s.w.s.m.m.a.RequestMappingHandlerMapping - Mapped "{[/redirectdashboard],methods=[GET]}" onto public java.lang.String com.springboot.security.SpringSecurity.controller.RedirectDashboardController.redirectDashboard(java.security.Principal,org.springframework.ui.Model)
2019-04-21 19:55:57 - [restartedMain] INFO  o.s.w.s.m.m.a.RequestMappingHandlerMapping - Mapped "{[/registration],methods=[GET]}" onto public java.lang.String com.springboot.security.SpringSecurity.controller.RegistrationController.registrationPage(org.springframework.ui.Model)
2019-04-21 19:55:57 - [restartedMain] INFO  o.s.w.s.m.m.a.RequestMappingHandlerMapping - Mapped "{[/register-process],methods=[POST]}" onto public java.lang.String com.springboot.security.SpringSecurity.controller.RegistrationController.registrationPage(com.springboot.security.SpringSecurity.model.UserInfo,javax.servlet.http.HttpServletRequest,java.security.Principal,org.springframework.ui.Model)
2019-04-21 19:55:57 - [restartedMain] INFO  o.s.w.s.m.m.a.RequestMappingHandlerMapping - Mapped "{[/superadmin/updateuserinfo],methods=[POST]}" onto public java.lang.String com.springboot.security.SpringSecurity.controller.SuperAdminController.updateuserinfo(com.springboot.security.SpringSecurity.model.UserInfo,org.springframework.ui.Model,java.security.Principal,org.springframework.web.servlet.mvc.support.RedirectAttributes)
2019-04-21 19:55:57 - [restartedMain] INFO  o.s.w.s.m.m.a.RequestMappingHandlerMapping - Mapped "{[/superadmin/dashboard],methods=[GET]}" onto public java.lang.String com.springboot.security.SpringSecurity.controller.SuperAdminController.userDashboard(org.springframework.ui.Model,java.security.Principal)
2019-04-21 19:55:57 - [restartedMain] INFO  o.s.w.s.m.m.a.RequestMappingHandlerMapping - Mapped "{[/superadmin/edituserinfo],methods=[GET]}" onto public java.lang.String com.springboot.security.SpringSecurity.controller.SuperAdminController.editUserInfo(org.springframework.ui.Model,java.security.Principal)
2019-04-21 19:55:57 - [restartedMain] INFO  o.s.w.s.m.m.a.RequestMappingHandlerMapping - Mapped "{[/users/updateuserinfo],methods=[POST]}" onto public java.lang.String com.springboot.security.SpringSecurity.controller.UserController.updateuserinfo(com.springboot.security.SpringSecurity.model.UserInfo,org.springframework.ui.Model,java.security.Principal,org.springframework.web.servlet.mvc.support.RedirectAttributes)
2019-04-21 19:55:57 - [restartedMain] INFO  o.s.w.s.m.m.a.RequestMappingHandlerMapping - Mapped "{[/users/dashboard],methods=[GET]}" onto public java.lang.String com.springboot.security.SpringSecurity.controller.UserController.userDashboard(org.springframework.ui.Model,java.security.Principal)
2019-04-21 19:55:57 - [restartedMain] INFO  o.s.w.s.m.m.a.RequestMappingHandlerMapping - Mapped "{[/users/edituserinfo],methods=[GET]}" onto public java.lang.String com.springboot.security.SpringSecurity.controller.UserController.editUserInfo(org.springframework.ui.Model,java.security.Principal)
2019-04-21 19:55:57 - [restartedMain] INFO  o.s.w.s.m.m.a.RequestMappingHandlerMapping - Mapped "{[/getusers],methods=[GET]}" onto public org.springframework.http.ResponseEntity<java.util.List<com.springboot.security.SpringSecurity.model.UserInfo>> com.springboot.security.SpringSecurity.restcontroller.RestApiController.users()
2019-04-21 19:55:57 - [restartedMain] INFO  o.s.w.s.m.m.a.RequestMappingHandlerMapping - Mapped "{[/error]}" onto public org.springframework.http.ResponseEntity<java.util.Map<java.lang.String, java.lang.Object>> org.springframework.boot.autoconfigure.web.servlet.error.BasicErrorController.error(javax.servlet.http.HttpServletRequest)
2019-04-21 19:55:57 - [restartedMain] INFO  o.s.w.s.m.m.a.RequestMappingHandlerMapping - Mapped "{[/error],produces=[text/html]}" onto public org.springframework.web.servlet.ModelAndView org.springframework.boot.autoconfigure.web.servlet.error.BasicErrorController.errorHtml(javax.servlet.http.HttpServletRequest,javax.servlet.http.HttpServletResponse)
2019-04-21 19:55:58 - [restartedMain] INFO  o.s.w.s.h.SimpleUrlHandlerMapping - Mapped URL path [/webjars/**] onto handler of type [class org.springframework.web.servlet.resource.ResourceHttpRequestHandler]
2019-04-21 19:55:58 - [restartedMain] INFO  o.s.w.s.h.SimpleUrlHandlerMapping - Mapped URL path [/**] onto handler of type [class org.springframework.web.servlet.resource.ResourceHttpRequestHandler]
2019-04-21 19:55:58 - [restartedMain] INFO  o.s.b.d.a.OptionalLiveReloadServer - LiveReload server is running on port 35729
2019-04-21 19:55:58 - [restartedMain] INFO  o.s.j.e.a.AnnotationMBeanExporter - Registering beans for JMX exposure on startup
2019-04-21 19:55:58 - [restartedMain] INFO  o.s.j.e.a.AnnotationMBeanExporter - Bean with name 'dataSource' has been autodetected for JMX exposure
2019-04-21 19:55:58 - [restartedMain] INFO  o.s.j.e.a.AnnotationMBeanExporter - Located MBean 'dataSource': registering with JMX server as MBean [com.zaxxer.hikari:name=dataSource,type=HikariDataSource]
2019-04-21 19:55:58 - [restartedMain] INFO  o.s.b.w.e.tomcat.TomcatWebServer - Tomcat started on port(s): 8080 (http) with context path ''
2019-04-21 19:55:58 - [restartedMain] INFO  c.s.s.S.SpringSecurityApplication - Started SpringSecurityApplication in 8.042 seconds (JVM running for 10.409)
2019-04-21 19:56:08 - [http-nio-8080-exec-1] INFO  o.a.c.c.C.[Tomcat].[localhost].[/] - Initializing Spring FrameworkServlet 'dispatcherServlet'
2019-04-21 19:56:08 - [http-nio-8080-exec-1] INFO  o.s.web.servlet.DispatcherServlet - FrameworkServlet 'dispatcherServlet': initialization started
2019-04-21 19:56:09 - [http-nio-8080-exec-1] INFO  o.s.web.servlet.DispatcherServlet - FrameworkServlet 'dispatcherServlet': initialization completed in 40 ms
2019-04-21 19:56:54 - [http-nio-8080-exec-6] WARN  o.s.w.s.m.s.DefaultHandlerExceptionResolver - Resolved exception caused by handler execution: org.springframework.web.HttpMediaTypeNotSupportedException: Content type 'application/x-www-form-urlencoded;charset=UTF-8' not supported
2019-04-21 19:57:19 - [Thread-8] INFO  o.s.b.w.s.c.AnnotationConfigServletWebServerApplicationContext - Closing org.springframework.boot.web.servlet.context.AnnotationConfigServletWebServerApplicationContext@61cf9db5: startup date [Sun Apr 21 19:55:51 CEST 2019]; root of context hierarchy
2019-04-21 19:57:19 - [Thread-8] INFO  o.s.j.e.a.AnnotationMBeanExporter - Unregistering JMX-exposed beans on shutdown
2019-04-21 19:57:19 - [Thread-8] INFO  o.s.j.e.a.AnnotationMBeanExporter - Unregistering JMX-exposed beans
2019-04-21 19:57:19 - [Thread-8] INFO  o.s.o.j.LocalContainerEntityManagerFactoryBean - Closing JPA EntityManagerFactory for persistence unit 'default'
2019-04-21 19:57:19 - [Thread-8] INFO  com.zaxxer.hikari.HikariDataSource - HikariPool-1 - Shutdown initiated...
2019-04-21 19:57:19 - [Thread-8] INFO  com.zaxxer.hikari.HikariDataSource - HikariPool-1 - Shutdown completed.
2019-04-21 19:57:19 - [restartedMain] INFO  c.s.s.S.SpringSecurityApplication - Starting SpringSecurityApplication on DESKTOP-LG5DV4R with PID 13536 (C:\Users\Mohmmad\Downloads\Compressed\SpringSecurity\SpringSecurity\target\classes started by Mohmmad in C:\Users\Mohmmad\Downloads\Compressed\SpringSecurity\SpringSecurity)
2019-04-21 19:57:19 - [restartedMain] INFO  c.s.s.S.SpringSecurityApplication - No active profile set, falling back to default profiles: default
2019-04-21 19:57:19 - [restartedMain] INFO  o.s.b.w.s.c.AnnotationConfigServletWebServerApplicationContext - Refreshing org.springframework.boot.web.servlet.context.AnnotationConfigServletWebServerApplicationContext@35655400: startup date [Sun Apr 21 19:57:19 CEST 2019]; root of context hierarchy
2019-04-21 19:57:20 - [restartedMain] INFO  o.s.c.s.PostProcessorRegistrationDelegate$BeanPostProcessorChecker - Bean 'org.springframework.transaction.annotation.ProxyTransactionManagementConfiguration' of type [org.springframework.transaction.annotation.ProxyTransactionManagementConfiguration$$EnhancerBySpringCGLIB$$39bcb411] is not eligible for getting processed by all BeanPostProcessors (for example: not eligible for auto-proxying)
2019-04-21 19:57:20 - [restartedMain] INFO  o.s.b.w.e.tomcat.TomcatWebServer - Tomcat initialized with port(s): 8080 (http)
2019-04-21 19:57:20 - [restartedMain] INFO  o.a.catalina.core.StandardService - Starting service [Tomcat]
2019-04-21 19:57:20 - [restartedMain] INFO  o.a.catalina.core.StandardEngine - Starting Servlet Engine: Apache Tomcat/8.5.34
2019-04-21 19:57:20 - [localhost-startStop-1] INFO  o.a.c.c.C.[Tomcat].[localhost].[/] - Initializing Spring embedded WebApplicationContext
2019-04-21 19:57:20 - [localhost-startStop-1] INFO  o.s.web.context.ContextLoader - Root WebApplicationContext: initialization completed in 894 ms
2019-04-21 19:57:20 - [localhost-startStop-1] INFO  o.s.b.w.s.FilterRegistrationBean - Mapping filter: 'characterEncodingFilter' to: [/*]
2019-04-21 19:57:20 - [localhost-startStop-1] INFO  o.s.b.w.s.FilterRegistrationBean - Mapping filter: 'hiddenHttpMethodFilter' to: [/*]
2019-04-21 19:57:20 - [localhost-startStop-1] INFO  o.s.b.w.s.FilterRegistrationBean - Mapping filter: 'httpPutFormContentFilter' to: [/*]
2019-04-21 19:57:20 - [localhost-startStop-1] INFO  o.s.b.w.s.FilterRegistrationBean - Mapping filter: 'requestContextFilter' to: [/*]
2019-04-21 19:57:20 - [localhost-startStop-1] INFO  o.s.b.w.s.DelegatingFilterProxyRegistrationBean - Mapping filter: 'springSecurityFilterChain' to: [/*]
2019-04-21 19:57:20 - [localhost-startStop-1] INFO  o.s.b.w.s.ServletRegistrationBean - Servlet dispatcherServlet mapped to [/]
2019-04-21 19:57:20 - [restartedMain] INFO  com.zaxxer.hikari.HikariDataSource - HikariPool-2 - Starting...
2019-04-21 19:57:20 - [restartedMain] INFO  com.zaxxer.hikari.HikariDataSource - HikariPool-2 - Start completed.
2019-04-21 19:57:20 - [restartedMain] INFO  o.s.o.j.LocalContainerEntityManagerFactoryBean - Building JPA container EntityManagerFactory for persistence unit 'default'
2019-04-21 19:57:20 - [restartedMain] INFO  o.h.jpa.internal.util.LogHelper - HHH000204: Processing PersistenceUnitInfo [
	name: default
	...]
2019-04-21 19:57:20 - [restartedMain] INFO  org.hibernate.dialect.Dialect - HHH000400: Using dialect: org.hibernate.dialect.MySQL5Dialect
2019-04-21 19:57:20 - [restartedMain] INFO  o.s.o.j.LocalContainerEntityManagerFactoryBean - Initialized JPA EntityManagerFactory for persistence unit 'default'
2019-04-21 19:57:21 - [restartedMain] INFO  o.h.h.i.QueryTranslatorFactoryInitiator - HHH000397: Using ASTQueryTranslatorFactory
2019-04-21 19:57:21 - [restartedMain] INFO  o.s.s.web.DefaultSecurityFilterChain - Creating filter chain: org.springframework.security.web.util.matcher.AnyRequestMatcher@1, [org.springframework.security.web.context.request.async.WebAsyncManagerIntegrationFilter@43a46ad2, org.springframework.security.web.context.SecurityContextPersistenceFilter@3f293881, org.springframework.security.web.header.HeaderWriterFilter@38e2ed51, org.springframework.security.web.csrf.CsrfFilter@5332d337, org.springframework.security.web.authentication.logout.LogoutFilter@4a094d61, org.springframework.security.web.authentication.UsernamePasswordAuthenticationFilter@1fb039fc, org.springframework.security.web.savedrequest.RequestCacheAwareFilter@201081fb, org.springframework.security.web.servletapi.SecurityContextHolderAwareRequestFilter@f3778cd, org.springframework.security.web.authentication.AnonymousAuthenticationFilter@58c462d, org.springframework.security.web.session.SessionManagementFilter@7ac7e785, org.springframework.security.web.access.ExceptionTranslationFilter@2ea63017, org.springframework.security.web.access.intercept.FilterSecurityInterceptor@52427ebf]
2019-04-21 19:57:21 - [restartedMain] INFO  o.s.w.s.h.SimpleUrlHandlerMapping - Mapped URL path [/**/favicon.ico] onto handler of type [class org.springframework.web.servlet.resource.ResourceHttpRequestHandler]
2019-04-21 19:57:21 - [restartedMain] INFO  o.s.w.s.m.m.a.RequestMappingHandlerAdapter - Looking for @ControllerAdvice: org.springframework.boot.web.servlet.context.AnnotationConfigServletWebServerApplicationContext@35655400: startup date [Sun Apr 21 19:57:19 CEST 2019]; root of context hierarchy
2019-04-21 19:57:21 - [restartedMain] WARN  o.s.b.a.o.j.JpaBaseConfiguration$JpaWebConfiguration$JpaWebMvcConfiguration - spring.jpa.open-in-view is enabled by default. Therefore, database queries may be performed during view rendering. Explicitly configure spring.jpa.open-in-view to disable this warning
2019-04-21 19:57:21 - [restartedMain] INFO  o.s.w.s.m.m.a.RequestMappingHandlerMapping - Mapped "{[/admin/updateuserinfo],methods=[POST]}" onto public java.lang.String com.springboot.security.SpringSecurity.controller.AdminController.updateuserinfo(com.springboot.security.SpringSecurity.model.UserInfo,org.springframework.ui.Model,java.security.Principal,org.springframework.web.servlet.mvc.support.RedirectAttributes)
2019-04-21 19:57:21 - [restartedMain] INFO  o.s.w.s.m.m.a.RequestMappingHandlerMapping - Mapped "{[/admin/dashboard],methods=[GET]}" onto public java.lang.String com.springboot.security.SpringSecurity.controller.AdminController.userDashboard(org.springframework.ui.Model,java.security.Principal)
2019-04-21 19:57:21 - [restartedMain] INFO  o.s.w.s.m.m.a.RequestMappingHandlerMapping - Mapped "{[/admin/edituserinfo],methods=[GET]}" onto public java.lang.String com.springboot.security.SpringSecurity.controller.AdminController.editUserInfo(org.springframework.ui.Model,java.security.Principal)
2019-04-21 19:57:21 - [restartedMain] INFO  o.s.w.s.m.m.a.RequestMappingHandlerMapping - Mapped "{[/logout],methods=[GET]}" onto public java.lang.String com.springboot.security.SpringSecurity.controller.LoginController.logoutPage(javax.servlet.http.HttpServletRequest,javax.servlet.http.HttpServletResponse)
2019-04-21 19:57:21 - [restartedMain] INFO  o.s.w.s.m.m.a.RequestMappingHandlerMapping - Mapped "{[/loginfailure],methods=[GET]}" onto public java.lang.String com.springboot.security.SpringSecurity.controller.LoginController.loginfailure(org.springframework.ui.Model)
2019-04-21 19:57:21 - [restartedMain] INFO  o.s.w.s.m.m.a.RequestMappingHandlerMapping - Mapped "{[/],methods=[GET]}" onto public java.lang.String com.springboot.security.SpringSecurity.controller.LoginController.login()
2019-04-21 19:57:21 - [restartedMain] INFO  o.s.w.s.m.m.a.RequestMappingHandlerMapping - Mapped "{[/login],methods=[GET]}" onto public java.lang.String com.springboot.security.SpringSecurity.controller.LoginController.loginpage()
2019-04-21 19:57:21 - [restartedMain] INFO  o.s.w.s.m.m.a.RequestMappingHandlerMapping - Mapped "{[/access-denied],methods=[GET]}" onto public java.lang.String com.springboot.security.SpringSecurity.controller.LoginController.accessdenied(org.springframework.ui.Model)
2019-04-21 19:57:21 - [restartedMain] INFO  o.s.w.s.m.m.a.RequestMappingHandlerMapping - Mapped "{[/redirectdashboard],methods=[GET]}" onto public java.lang.String com.springboot.security.SpringSecurity.controller.RedirectDashboardController.redirectDashboard(java.security.Principal,org.springframework.ui.Model)
2019-04-21 19:57:21 - [restartedMain] INFO  o.s.w.s.m.m.a.RequestMappingHandlerMapping - Mapped "{[/registration],methods=[GET]}" onto public java.lang.String com.springboot.security.SpringSecurity.controller.RegistrationController.registrationPage(org.springframework.ui.Model)
2019-04-21 19:57:21 - [restartedMain] INFO  o.s.w.s.m.m.a.RequestMappingHandlerMapping - Mapped "{[/register-process],methods=[POST]}" onto public java.lang.String com.springboot.security.SpringSecurity.controller.RegistrationController.registrationPage(com.springboot.security.SpringSecurity.model.UserInfo,javax.servlet.http.HttpServletRequest,java.security.Principal,org.springframework.ui.Model)
2019-04-21 19:57:21 - [restartedMain] INFO  o.s.w.s.m.m.a.RequestMappingHandlerMapping - Mapped "{[/superadmin/updateuserinfo],methods=[POST]}" onto public java.lang.String com.springboot.security.SpringSecurity.controller.SuperAdminController.updateuserinfo(com.springboot.security.SpringSecurity.model.UserInfo,org.springframework.ui.Model,java.security.Principal,org.springframework.web.servlet.mvc.support.RedirectAttributes)
2019-04-21 19:57:21 - [restartedMain] INFO  o.s.w.s.m.m.a.RequestMappingHandlerMapping - Mapped "{[/superadmin/dashboard],methods=[GET]}" onto public java.lang.String com.springboot.security.SpringSecurity.controller.SuperAdminController.userDashboard(org.springframework.ui.Model,java.security.Principal)
2019-04-21 19:57:21 - [restartedMain] INFO  o.s.w.s.m.m.a.RequestMappingHandlerMapping - Mapped "{[/superadmin/edituserinfo],methods=[GET]}" onto public java.lang.String com.springboot.security.SpringSecurity.controller.SuperAdminController.editUserInfo(org.springframework.ui.Model,java.security.Principal)
2019-04-21 19:57:21 - [restartedMain] INFO  o.s.w.s.m.m.a.RequestMappingHandlerMapping - Mapped "{[/users/updateuserinfo],methods=[POST]}" onto public java.lang.String com.springboot.security.SpringSecurity.controller.UserController.updateuserinfo(com.springboot.security.SpringSecurity.model.UserInfo,org.springframework.ui.Model,java.security.Principal,org.springframework.web.servlet.mvc.support.RedirectAttributes)
2019-04-21 19:57:21 - [restartedMain] INFO  o.s.w.s.m.m.a.RequestMappingHandlerMapping - Mapped "{[/users/dashboard],methods=[GET]}" onto public java.lang.String com.springboot.security.SpringSecurity.controller.UserController.userDashboard(org.springframework.ui.Model,java.security.Principal)
2019-04-21 19:57:21 - [restartedMain] INFO  o.s.w.s.m.m.a.RequestMappingHandlerMapping - Mapped "{[/users/edituserinfo],methods=[GET]}" onto public java.lang.String com.springboot.security.SpringSecurity.controller.UserController.editUserInfo(org.springframework.ui.Model,java.security.Principal)
2019-04-21 19:57:21 - [restartedMain] INFO  o.s.w.s.m.m.a.RequestMappingHandlerMapping - Mapped "{[/getusers],methods=[GET]}" onto public org.springframework.http.ResponseEntity<java.util.List<com.springboot.security.SpringSecurity.model.UserInfo>> com.springboot.security.SpringSecurity.restcontroller.RestApiController.users()
2019-04-21 19:57:21 - [restartedMain] INFO  o.s.w.s.m.m.a.RequestMappingHandlerMapping - Mapped "{[/error]}" onto public org.springframework.http.ResponseEntity<java.util.Map<java.lang.String, java.lang.Object>> org.springframework.boot.autoconfigure.web.servlet.error.BasicErrorController.error(javax.servlet.http.HttpServletRequest)
2019-04-21 19:57:21 - [restartedMain] INFO  o.s.w.s.m.m.a.RequestMappingHandlerMapping - Mapped "{[/error],produces=[text/html]}" onto public org.springframework.web.servlet.ModelAndView org.springframework.boot.autoconfigure.web.servlet.error.BasicErrorController.errorHtml(javax.servlet.http.HttpServletRequest,javax.servlet.http.HttpServletResponse)
2019-04-21 19:57:21 - [restartedMain] INFO  o.s.w.s.h.SimpleUrlHandlerMapping - Mapped URL path [/webjars/**] onto handler of type [class org.springframework.web.servlet.resource.ResourceHttpRequestHandler]
2019-04-21 19:57:21 - [restartedMain] INFO  o.s.w.s.h.SimpleUrlHandlerMapping - Mapped URL path [/**] onto handler of type [class org.springframework.web.servlet.resource.ResourceHttpRequestHandler]
2019-04-21 19:57:21 - [restartedMain] INFO  o.s.b.d.a.OptionalLiveReloadServer - LiveReload server is running on port 35729
2019-04-21 19:57:21 - [restartedMain] INFO  o.s.j.e.a.AnnotationMBeanExporter - Registering beans for JMX exposure on startup
2019-04-21 19:57:21 - [restartedMain] INFO  o.s.j.e.a.AnnotationMBeanExporter - Bean with name 'dataSource' has been autodetected for JMX exposure
2019-04-21 19:57:21 - [restartedMain] INFO  o.s.j.e.a.AnnotationMBeanExporter - Located MBean 'dataSource': registering with JMX server as MBean [com.zaxxer.hikari:name=dataSource,type=HikariDataSource]
2019-04-21 19:57:21 - [restartedMain] INFO  o.s.b.w.e.tomcat.TomcatWebServer - Tomcat started on port(s): 8080 (http) with context path ''
2019-04-21 19:57:21 - [restartedMain] INFO  c.s.s.S.SpringSecurityApplication - Started SpringSecurityApplication in 1.609 seconds (JVM running for 93.283)
2019-04-21 19:57:21 - [restartedMain] INFO  o.s.b.d.a.ConditionEvaluationDeltaLoggingListener - Condition evaluation unchanged
2019-04-21 19:57:22 - [http-nio-8080-exec-1] INFO  o.a.c.c.C.[Tomcat].[localhost].[/] - Initializing Spring FrameworkServlet 'dispatcherServlet'
2019-04-21 19:57:22 - [http-nio-8080-exec-1] INFO  o.s.web.servlet.DispatcherServlet - FrameworkServlet 'dispatcherServlet': initialization started
2019-04-21 19:57:22 - [http-nio-8080-exec-1] INFO  o.s.web.servlet.DispatcherServlet - FrameworkServlet 'dispatcherServlet': initialization completed in 7 ms
2019-04-21 19:57:28 - [http-nio-8080-exec-2] INFO  c.s.s.S.servicesImpl.LoginServcie -  Inside findByEmail : UserServiceImpl  
2019-04-21 19:57:28 - [http-nio-8080-exec-2] INFO  c.s.s.S.servicesImpl.LoginServcie -  Inside save : UserServiceImpl  
2019-04-21 19:57:28 - [http-nio-8080-exec-2] INFO  c.s.s.S.servicesImpl.LoginServcie -  Inside loadUserByUsername : LoginServiceImpl  
2019-04-21 19:57:28 - [http-nio-8080-exec-2] INFO  c.s.s.S.servicesImpl.LoginServcie -  Inside loadUserByUsername : LoginServiceImpl  
2019-04-21 19:57:28 - [http-nio-8080-exec-3] INFO  c.s.s.S.servicesImpl.LoginServcie -  Inside findByEmail : UserServiceImpl  
2019-04-21 19:57:35 - [http-nio-8080-exec-5] INFO  c.s.s.S.servicesImpl.LoginServcie -  Inside findByEmail : UserServiceImpl  
2019-04-21 19:57:42 - [http-nio-8080-exec-6] INFO  c.s.s.S.servicesImpl.LoginServcie -  Inside findByEmail : UserServiceImpl  
2019-04-21 19:57:42 - [http-nio-8080-exec-6] INFO  c.s.s.S.servicesImpl.LoginServcie -  Inside update : UserServiceImpl  
2019-04-21 19:57:42 - [http-nio-8080-exec-7] INFO  c.s.s.S.servicesImpl.LoginServcie -  Inside findByEmail : UserServiceImpl  
2019-04-21 19:57:46 - [http-nio-8080-exec-10] INFO  c.s.s.S.servicesImpl.LoginServcie -  Inside findByEmail : UserServiceImpl  
2019-04-21 19:57:52 - [http-nio-8080-exec-9] INFO  c.s.s.S.servicesImpl.LoginServcie -  Inside findByEmail : UserServiceImpl  
2019-04-21 19:57:52 - [http-nio-8080-exec-9] INFO  c.s.s.S.servicesImpl.LoginServcie -  Inside update : UserServiceImpl  
2019-04-21 19:57:52 - [http-nio-8080-exec-1] INFO  c.s.s.S.servicesImpl.LoginServcie -  Inside findByEmail : UserServiceImpl  
2019-04-21 20:07:21 - [http-nio-8080-exec-10] INFO  c.s.s.S.servicesImpl.LoginServcie -  Inside findByEmail : UserServiceImpl  
2019-04-21 21:04:52 - [RMI TCP Connection(163)-127.0.0.1] INFO  o.s.b.a.SpringApplicationAdminMXBeanRegistrar$SpringApplicationAdmin - Application shutdown requested.
2019-04-21 21:04:52 - [RMI TCP Connection(163)-127.0.0.1] INFO  o.s.b.w.s.c.AnnotationConfigServletWebServerApplicationContext - Closing org.springframework.boot.web.servlet.context.AnnotationConfigServletWebServerApplicationContext@35655400: startup date [Sun Apr 21 19:57:19 CEST 2019]; root of context hierarchy
2019-04-21 21:04:52 - [RMI TCP Connection(163)-127.0.0.1] INFO  o.s.j.e.a.AnnotationMBeanExporter - Unregistering JMX-exposed beans on shutdown
2019-04-21 21:04:52 - [RMI TCP Connection(163)-127.0.0.1] INFO  o.s.j.e.a.AnnotationMBeanExporter - Unregistering JMX-exposed beans
2019-04-21 21:04:52 - [RMI TCP Connection(163)-127.0.0.1] INFO  o.s.o.j.LocalContainerEntityManagerFactoryBean - Closing JPA EntityManagerFactory for persistence unit 'default'
2019-04-21 21:04:52 - [RMI TCP Connection(163)-127.0.0.1] INFO  com.zaxxer.hikari.HikariDataSource - HikariPool-2 - Shutdown initiated...
2019-04-21 21:04:52 - [RMI TCP Connection(163)-127.0.0.1] INFO  com.zaxxer.hikari.HikariDataSource - HikariPool-2 - Shutdown completed.
2019-04-21 21:05:10 - [restartedMain] INFO  c.s.s.S.SpringSecurityApplication - Starting SpringSecurityApplication on DESKTOP-LG5DV4R with PID 10116 (C:\Users\Mohmmad\Downloads\Compressed\SpringSecurity\SpringSecurity\target\classes started by Mohmmad in C:\Users\Mohmmad\Downloads\Compressed\SpringSecurity\SpringSecurity)
2019-04-21 21:05:10 - [restartedMain] INFO  c.s.s.S.SpringSecurityApplication - No active profile set, falling back to default profiles: default
2019-04-21 21:05:10 - [restartedMain] INFO  o.s.b.w.s.c.AnnotationConfigServletWebServerApplicationContext - Refreshing org.springframework.boot.web.servlet.context.AnnotationConfigServletWebServerApplicationContext@29783daf: startup date [Sun Apr 21 21:05:10 CEST 2019]; root of context hierarchy
2019-04-21 21:05:12 - [restartedMain] INFO  o.s.c.s.PostProcessorRegistrationDelegate$BeanPostProcessorChecker - Bean 'org.springframework.transaction.annotation.ProxyTransactionManagementConfiguration' of type [org.springframework.transaction.annotation.ProxyTransactionManagementConfiguration$$EnhancerBySpringCGLIB$$a98bd249] is not eligible for getting processed by all BeanPostProcessors (for example: not eligible for auto-proxying)
2019-04-21 21:05:12 - [restartedMain] INFO  o.s.b.w.e.tomcat.TomcatWebServer - Tomcat initialized with port(s): 8080 (http)
2019-04-21 21:05:12 - [restartedMain] INFO  o.a.catalina.core.StandardService - Starting service [Tomcat]
2019-04-21 21:05:12 - [restartedMain] INFO  o.a.catalina.core.StandardEngine - Starting Servlet Engine: Apache Tomcat/8.5.34
2019-04-21 21:05:12 - [localhost-startStop-1] INFO  o.a.c.core.AprLifecycleListener - The APR based Apache Tomcat Native library which allows optimal performance in production environments was not found on the java.library.path: [C:\Program Files\Java\jre1.8.0_201\bin;C:\Windows\Sun\Java\bin;C:\Windows\system32;C:\Windows;C:/Program Files/Java/jdk1.8.0_201/bin/../jre/bin/server;C:/Program Files/Java/jdk1.8.0_201/bin/../jre/bin;C:/Program Files/Java/jdk1.8.0_201/bin/../jre/lib/amd64;C:\Windows\system32;C:\Windows;C:\Windows\System32\Wbem;C:\Windows\System32\WindowsPowerShell\v1.0\;C:\Windows\System32\OpenSSH\;C:\Program Files\nodejs\;C:\Users\Mohmmad\Downloads\Compressed\maven\bin;C:\Program Files\Java\jdk1.8.0_201\bin;C:\Users\Mohmmad\AppData\Local\Microsoft\WindowsApps;C:\Users\Mohmmad\AppData\Roaming\npm;C:\Users\Mohmmad\AppData\Local\Programs\Microsoft VS Code\bin;C:\Users\Mohmmad\Downloads\Compressed\spring-tool-suite-4-4.1.2.RELEASE-e4.10.0-win32.win32.x86_64\sts-4.1.2.RELEASE;;.]
2019-04-21 21:05:12 - [localhost-startStop-1] INFO  o.a.c.c.C.[Tomcat].[localhost].[/] - Initializing Spring embedded WebApplicationContext
2019-04-21 21:05:12 - [localhost-startStop-1] INFO  o.s.web.context.ContextLoader - Root WebApplicationContext: initialization completed in 2641 ms
2019-04-21 21:05:12 - [localhost-startStop-1] INFO  o.s.b.w.s.FilterRegistrationBean - Mapping filter: 'characterEncodingFilter' to: [/*]
2019-04-21 21:05:12 - [localhost-startStop-1] INFO  o.s.b.w.s.FilterRegistrationBean - Mapping filter: 'hiddenHttpMethodFilter' to: [/*]
2019-04-21 21:05:12 - [localhost-startStop-1] INFO  o.s.b.w.s.FilterRegistrationBean - Mapping filter: 'httpPutFormContentFilter' to: [/*]
2019-04-21 21:05:12 - [localhost-startStop-1] INFO  o.s.b.w.s.FilterRegistrationBean - Mapping filter: 'requestContextFilter' to: [/*]
2019-04-21 21:05:12 - [localhost-startStop-1] INFO  o.s.b.w.s.DelegatingFilterProxyRegistrationBean - Mapping filter: 'springSecurityFilterChain' to: [/*]
2019-04-21 21:05:12 - [localhost-startStop-1] INFO  o.s.b.w.s.ServletRegistrationBean - Servlet dispatcherServlet mapped to [/]
2019-04-21 21:05:13 - [restartedMain] INFO  com.zaxxer.hikari.HikariDataSource - HikariPool-1 - Starting...
2019-04-21 21:05:13 - [restartedMain] INFO  com.zaxxer.hikari.HikariDataSource - HikariPool-1 - Start completed.
2019-04-21 21:05:13 - [restartedMain] INFO  o.s.o.j.LocalContainerEntityManagerFactoryBean - Building JPA container EntityManagerFactory for persistence unit 'default'
2019-04-21 21:05:13 - [restartedMain] INFO  o.h.jpa.internal.util.LogHelper - HHH000204: Processing PersistenceUnitInfo [
	name: default
	...]
2019-04-21 21:05:13 - [restartedMain] INFO  org.hibernate.Version - HHH000412: Hibernate Core {5.2.17.Final}
2019-04-21 21:05:13 - [restartedMain] INFO  org.hibernate.cfg.Environment - HHH000206: hibernate.properties not found
2019-04-21 21:05:13 - [restartedMain] INFO  o.h.annotations.common.Version - HCANN000001: Hibernate Commons Annotations {5.0.1.Final}
2019-04-21 21:05:13 - [restartedMain] INFO  org.hibernate.dialect.Dialect - HHH000400: Using dialect: org.hibernate.dialect.MySQL5Dialect
2019-04-21 21:05:14 - [restartedMain] INFO  o.s.o.j.LocalContainerEntityManagerFactoryBean - Initialized JPA EntityManagerFactory for persistence unit 'default'
2019-04-21 21:05:14 - [restartedMain] INFO  o.h.h.i.QueryTranslatorFactoryInitiator - HHH000397: Using ASTQueryTranslatorFactory
2019-04-21 21:05:15 - [restartedMain] INFO  o.s.s.web.DefaultSecurityFilterChain - Creating filter chain: org.springframework.security.web.util.matcher.AnyRequestMatcher@1, [org.springframework.security.web.context.request.async.WebAsyncManagerIntegrationFilter@7858e9c0, org.springframework.security.web.context.SecurityContextPersistenceFilter@53a52d5, org.springframework.security.web.header.HeaderWriterFilter@a47897f, org.springframework.security.web.csrf.CsrfFilter@4fd66c3, org.springframework.security.web.authentication.logout.LogoutFilter@12613086, org.springframework.security.web.authentication.UsernamePasswordAuthenticationFilter@4da29335, org.springframework.security.web.savedrequest.RequestCacheAwareFilter@48ac3557, org.springframework.security.web.servletapi.SecurityContextHolderAwareRequestFilter@1f430708, org.springframework.security.web.authentication.AnonymousAuthenticationFilter@4987969, org.springframework.security.web.session.SessionManagementFilter@4bd765c5, org.springframework.security.web.access.ExceptionTranslationFilter@22d4450, org.springframework.security.web.access.intercept.FilterSecurityInterceptor@5bb126a]
2019-04-21 21:05:15 - [restartedMain] INFO  o.s.w.s.h.SimpleUrlHandlerMapping - Mapped URL path [/**/favicon.ico] onto handler of type [class org.springframework.web.servlet.resource.ResourceHttpRequestHandler]
2019-04-21 21:05:15 - [restartedMain] INFO  o.s.w.s.m.m.a.RequestMappingHandlerAdapter - Looking for @ControllerAdvice: org.springframework.boot.web.servlet.context.AnnotationConfigServletWebServerApplicationContext@29783daf: startup date [Sun Apr 21 21:05:10 CEST 2019]; root of context hierarchy
2019-04-21 21:05:15 - [restartedMain] WARN  o.s.b.a.o.j.JpaBaseConfiguration$JpaWebConfiguration$JpaWebMvcConfiguration - spring.jpa.open-in-view is enabled by default. Therefore, database queries may be performed during view rendering. Explicitly configure spring.jpa.open-in-view to disable this warning
2019-04-21 21:05:15 - [restartedMain] INFO  o.s.w.s.m.m.a.RequestMappingHandlerMapping - Mapped "{[/admin/updateuserinfo],methods=[POST]}" onto public java.lang.String com.springboot.security.SpringSecurity.controller.AdminController.updateuserinfo(com.springboot.security.SpringSecurity.model.UserInfo,org.springframework.ui.Model,java.security.Principal,org.springframework.web.servlet.mvc.support.RedirectAttributes)
2019-04-21 21:05:15 - [restartedMain] INFO  o.s.w.s.m.m.a.RequestMappingHandlerMapping - Mapped "{[/admin/dashboard],methods=[GET]}" onto public java.lang.String com.springboot.security.SpringSecurity.controller.AdminController.userDashboard(org.springframework.ui.Model,java.security.Principal)
2019-04-21 21:05:15 - [restartedMain] INFO  o.s.w.s.m.m.a.RequestMappingHandlerMapping - Mapped "{[/admin/edituserinfo],methods=[GET]}" onto public java.lang.String com.springboot.security.SpringSecurity.controller.AdminController.editUserInfo(org.springframework.ui.Model,java.security.Principal)
2019-04-21 21:05:15 - [restartedMain] INFO  o.s.w.s.m.m.a.RequestMappingHandlerMapping - Mapped "{[/access-denied],methods=[GET]}" onto public java.lang.String com.springboot.security.SpringSecurity.controller.LoginController.accessdenied(org.springframework.ui.Model)
2019-04-21 21:05:15 - [restartedMain] INFO  o.s.w.s.m.m.a.RequestMappingHandlerMapping - Mapped "{[/logout],methods=[GET]}" onto public java.lang.String com.springboot.security.SpringSecurity.controller.LoginController.logoutPage(javax.servlet.http.HttpServletRequest,javax.servlet.http.HttpServletResponse)
2019-04-21 21:05:15 - [restartedMain] INFO  o.s.w.s.m.m.a.RequestMappingHandlerMapping - Mapped "{[/],methods=[GET]}" onto public java.lang.String com.springboot.security.SpringSecurity.controller.LoginController.login()
2019-04-21 21:05:15 - [restartedMain] INFO  o.s.w.s.m.m.a.RequestMappingHandlerMapping - Mapped "{[/login],methods=[GET]}" onto public java.lang.String com.springboot.security.SpringSecurity.controller.LoginController.loginpage()
2019-04-21 21:05:15 - [restartedMain] INFO  o.s.w.s.m.m.a.RequestMappingHandlerMapping - Mapped "{[/loginfailure],methods=[GET]}" onto public java.lang.String com.springboot.security.SpringSecurity.controller.LoginController.loginfailure(org.springframework.ui.Model)
2019-04-21 21:05:15 - [restartedMain] INFO  o.s.w.s.m.m.a.RequestMappingHandlerMapping - Mapped "{[/redirectdashboard],methods=[GET]}" onto public java.lang.String com.springboot.security.SpringSecurity.controller.RedirectDashboardController.redirectDashboard(java.security.Principal,org.springframework.ui.Model)
2019-04-21 21:05:15 - [restartedMain] INFO  o.s.w.s.m.m.a.RequestMappingHandlerMapping - Mapped "{[/registration],methods=[GET]}" onto public java.lang.String com.springboot.security.SpringSecurity.controller.RegistrationController.registrationPage(org.springframework.ui.Model)
2019-04-21 21:05:15 - [restartedMain] INFO  o.s.w.s.m.m.a.RequestMappingHandlerMapping - Mapped "{[/register-process],methods=[POST]}" onto public java.lang.String com.springboot.security.SpringSecurity.controller.RegistrationController.registrationPage(com.springboot.security.SpringSecurity.model.UserInfo,javax.servlet.http.HttpServletRequest,java.security.Principal,org.springframework.ui.Model)
2019-04-21 21:05:15 - [restartedMain] INFO  o.s.w.s.m.m.a.RequestMappingHandlerMapping - Mapped "{[/superadmin/updateuserinfo],methods=[POST]}" onto public java.lang.String com.springboot.security.SpringSecurity.controller.SuperAdminController.updateuserinfo(com.springboot.security.SpringSecurity.model.UserInfo,org.springframework.ui.Model,java.security.Principal,org.springframework.web.servlet.mvc.support.RedirectAttributes)
2019-04-21 21:05:15 - [restartedMain] INFO  o.s.w.s.m.m.a.RequestMappingHandlerMapping - Mapped "{[/superadmin/dashboard],methods=[GET]}" onto public java.lang.String com.springboot.security.SpringSecurity.controller.SuperAdminController.userDashboard(org.springframework.ui.Model,java.security.Principal)
2019-04-21 21:05:15 - [restartedMain] INFO  o.s.w.s.m.m.a.RequestMappingHandlerMapping - Mapped "{[/superadmin/edituserinfo],methods=[GET]}" onto public java.lang.String com.springboot.security.SpringSecurity.controller.SuperAdminController.editUserInfo(org.springframework.ui.Model,java.security.Principal)
2019-04-21 21:05:15 - [restartedMain] INFO  o.s.w.s.m.m.a.RequestMappingHandlerMapping - Mapped "{[/users/updateuserinfo],methods=[POST]}" onto public java.lang.String com.springboot.security.SpringSecurity.controller.UserController.updateuserinfo(com.springboot.security.SpringSecurity.model.UserInfo,org.springframework.ui.Model,java.security.Principal,org.springframework.web.servlet.mvc.support.RedirectAttributes)
2019-04-21 21:05:15 - [restartedMain] INFO  o.s.w.s.m.m.a.RequestMappingHandlerMapping - Mapped "{[/users/dashboard],methods=[GET]}" onto public java.lang.String com.springboot.security.SpringSecurity.controller.UserController.userDashboard(org.springframework.ui.Model,java.security.Principal)
2019-04-21 21:05:15 - [restartedMain] INFO  o.s.w.s.m.m.a.RequestMappingHandlerMapping - Mapped "{[/users/edituserinfo],methods=[GET]}" onto public java.lang.String com.springboot.security.SpringSecurity.controller.UserController.editUserInfo(org.springframework.ui.Model,java.security.Principal)
2019-04-21 21:05:15 - [restartedMain] INFO  o.s.w.s.m.m.a.RequestMappingHandlerMapping - Mapped "{[/getusers],methods=[GET]}" onto public org.springframework.http.ResponseEntity<java.util.List<com.springboot.security.SpringSecurity.model.UserInfo>> com.springboot.security.SpringSecurity.restcontroller.RestApiController.users()
2019-04-21 21:05:15 - [restartedMain] INFO  o.s.w.s.m.m.a.RequestMappingHandlerMapping - Mapped "{[/error]}" onto public org.springframework.http.ResponseEntity<java.util.Map<java.lang.String, java.lang.Object>> org.springframework.boot.autoconfigure.web.servlet.error.BasicErrorController.error(javax.servlet.http.HttpServletRequest)
2019-04-21 21:05:15 - [restartedMain] INFO  o.s.w.s.m.m.a.RequestMappingHandlerMapping - Mapped "{[/error],produces=[text/html]}" onto public org.springframework.web.servlet.ModelAndView org.springframework.boot.autoconfigure.web.servlet.error.BasicErrorController.errorHtml(javax.servlet.http.HttpServletRequest,javax.servlet.http.HttpServletResponse)
2019-04-21 21:05:16 - [restartedMain] INFO  o.s.w.s.h.SimpleUrlHandlerMapping - Mapped URL path [/webjars/**] onto handler of type [class org.springframework.web.servlet.resource.ResourceHttpRequestHandler]
2019-04-21 21:05:16 - [restartedMain] INFO  o.s.w.s.h.SimpleUrlHandlerMapping - Mapped URL path [/**] onto handler of type [class org.springframework.web.servlet.resource.ResourceHttpRequestHandler]
2019-04-21 21:05:16 - [restartedMain] INFO  o.s.b.d.a.OptionalLiveReloadServer - LiveReload server is running on port 35729
2019-04-21 21:05:16 - [restartedMain] INFO  o.s.j.e.a.AnnotationMBeanExporter - Registering beans for JMX exposure on startup
2019-04-21 21:05:16 - [restartedMain] INFO  o.s.j.e.a.AnnotationMBeanExporter - Bean with name 'dataSource' has been autodetected for JMX exposure
2019-04-21 21:05:16 - [restartedMain] INFO  o.s.j.e.a.AnnotationMBeanExporter - Located MBean 'dataSource': registering with JMX server as MBean [com.zaxxer.hikari:name=dataSource,type=HikariDataSource]
2019-04-21 21:05:16 - [restartedMain] INFO  o.s.b.w.e.tomcat.TomcatWebServer - Tomcat started on port(s): 8080 (http) with context path ''
2019-04-21 21:05:16 - [restartedMain] INFO  c.s.s.S.SpringSecurityApplication - Started SpringSecurityApplication in 6.981 seconds (JVM running for 8.844)
2019-04-21 21:05:40 - [http-nio-8080-exec-1] INFO  o.a.c.c.C.[Tomcat].[localhost].[/] - Initializing Spring FrameworkServlet 'dispatcherServlet'
2019-04-21 21:05:40 - [http-nio-8080-exec-1] INFO  o.s.web.servlet.DispatcherServlet - FrameworkServlet 'dispatcherServlet': initialization started
2019-04-21 21:05:40 - [http-nio-8080-exec-1] INFO  o.s.web.servlet.DispatcherServlet - FrameworkServlet 'dispatcherServlet': initialization completed in 34 ms
2019-04-21 21:07:02 - [http-nio-8080-exec-8] INFO  c.s.s.S.servicesImpl.LoginServcie -  Inside findByEmail : UserServiceImpl  
2019-04-21 21:07:02 - [http-nio-8080-exec-8] INFO  c.s.s.S.servicesImpl.LoginServcie -  Inside save : UserServiceImpl  
2019-04-21 21:07:02 - [http-nio-8080-exec-8] INFO  c.s.s.S.servicesImpl.LoginServcie -  Inside loadUserByUsername : LoginServiceImpl  
2019-04-21 21:07:02 - [http-nio-8080-exec-8] INFO  c.s.s.S.servicesImpl.LoginServcie -  Inside loadUserByUsername : LoginServiceImpl  
2019-04-21 21:07:02 - [http-nio-8080-exec-9] INFO  c.s.s.S.servicesImpl.LoginServcie -  Inside findByEmail : UserServiceImpl  
2019-04-21 21:07:06 - [http-nio-8080-exec-10] INFO  c.s.s.S.servicesImpl.LoginServcie -  Inside findByEmail : UserServiceImpl  
2019-04-21 21:07:19 - [http-nio-8080-exec-2] INFO  c.s.s.S.servicesImpl.LoginServcie -  Inside findByEmail : UserServiceImpl  
2019-04-21 21:07:19 - [http-nio-8080-exec-2] INFO  c.s.s.S.servicesImpl.LoginServcie -  Inside update : UserServiceImpl  
2019-04-21 21:07:19 - [http-nio-8080-exec-3] INFO  c.s.s.S.servicesImpl.LoginServcie -  Inside findByEmail : UserServiceImpl  
2019-04-21 21:14:35 - [http-nio-8080-exec-10] INFO  c.s.s.S.servicesImpl.LoginServcie -  Inside loadUserByUsername : LoginServiceImpl  
2019-04-21 21:14:35 - [http-nio-8080-exec-10] INFO  c.s.s.S.servicesImpl.LoginServcie - User not found
2019-04-21 21:14:57 - [http-nio-8080-exec-4] INFO  c.s.s.S.servicesImpl.LoginServcie -  Inside loadUserByUsername : LoginServiceImpl  
2019-04-21 21:14:57 - [http-nio-8080-exec-4] INFO  c.s.s.S.servicesImpl.LoginServcie - User not found
2019-04-21 21:15:10 - [http-nio-8080-exec-8] INFO  c.s.s.S.servicesImpl.LoginServcie -  Inside loadUserByUsername : LoginServiceImpl  
2019-04-21 21:15:10 - [http-nio-8080-exec-9] INFO  c.s.s.S.servicesImpl.LoginServcie -  Inside findByEmail : UserServiceImpl  
2019-04-21 21:15:10 - [http-nio-8080-exec-10] INFO  c.s.s.S.servicesImpl.LoginServcie -  Inside findByEmail : UserServiceImpl  
2019-04-21 21:48:53 - [http-nio-8080-exec-5] WARN  o.s.w.s.m.s.DefaultHandlerExceptionResolver - Resolved exception caused by handler execution: org.springframework.web.HttpRequestMethodNotSupportedException: Request method 'POST' not supported
2019-04-21 21:49:02 - [http-nio-8080-exec-8] INFO  c.s.s.S.servicesImpl.LoginServcie -  Inside loadUserByUsername : LoginServiceImpl  
2019-04-21 21:49:03 - [http-nio-8080-exec-9] INFO  c.s.s.S.servicesImpl.LoginServcie -  Inside findByEmail : UserServiceImpl  
2019-04-21 21:49:03 - [http-nio-8080-exec-10] INFO  c.s.s.S.servicesImpl.LoginServcie -  Inside findByEmail : UserServiceImpl  
2019-04-21 21:49:05 - [http-nio-8080-exec-2] INFO  c.s.s.S.servicesImpl.LoginServcie -  Inside findByEmail : UserServiceImpl  
2019-04-21 21:56:40 - [http-nio-8080-exec-5] INFO  c.s.s.S.servicesImpl.LoginServcie -  Inside getAllUsers : UserServiceImpl  
2019-04-21 21:57:52 - [http-nio-8080-exec-8] INFO  c.s.s.S.servicesImpl.LoginServcie -  Inside getAllUsers : UserServiceImpl  
2019-04-21 21:59:42 - [http-nio-8080-exec-1] INFO  c.s.s.S.servicesImpl.LoginServcie -  Inside getAllUsers : UserServiceImpl  
2019-04-21 21:59:44 - [http-nio-8080-exec-3] INFO  c.s.s.S.servicesImpl.LoginServcie -  Inside getAllUsers : UserServiceImpl  
2019-04-21 21:59:44 - [http-nio-8080-exec-5] INFO  c.s.s.S.servicesImpl.LoginServcie -  Inside getAllUsers : UserServiceImpl  
2019-04-21 21:59:45 - [http-nio-8080-exec-7] INFO  c.s.s.S.servicesImpl.LoginServcie -  Inside getAllUsers : UserServiceImpl  
2019-04-21 21:59:45 - [http-nio-8080-exec-9] INFO  c.s.s.S.servicesImpl.LoginServcie -  Inside getAllUsers : UserServiceImpl  
2019-04-21 21:59:45 - [http-nio-8080-exec-1] INFO  c.s.s.S.servicesImpl.LoginServcie -  Inside getAllUsers : UserServiceImpl  
2019-04-21 21:59:46 - [http-nio-8080-exec-3] INFO  c.s.s.S.servicesImpl.LoginServcie -  Inside getAllUsers : UserServiceImpl  
2019-04-21 21:59:46 - [http-nio-8080-exec-5] INFO  c.s.s.S.servicesImpl.LoginServcie -  Inside getAllUsers : UserServiceImpl  
2019-04-21 21:59:47 - [http-nio-8080-exec-7] INFO  c.s.s.S.servicesImpl.LoginServcie -  Inside getAllUsers : UserServiceImpl  
2019-04-21 21:59:48 - [http-nio-8080-exec-9] INFO  c.s.s.S.servicesImpl.LoginServcie -  Inside getAllUsers : UserServiceImpl  
2019-04-21 21:59:49 - [http-nio-8080-exec-1] INFO  c.s.s.S.servicesImpl.LoginServcie -  Inside getAllUsers : UserServiceImpl  
2019-04-21 21:59:49 - [http-nio-8080-exec-3] INFO  c.s.s.S.servicesImpl.LoginServcie -  Inside getAllUsers : UserServiceImpl  
2019-04-21 21:59:49 - [http-nio-8080-exec-5] INFO  c.s.s.S.servicesImpl.LoginServcie -  Inside getAllUsers : UserServiceImpl  
2019-04-21 21:59:50 - [http-nio-8080-exec-6] INFO  c.s.s.S.servicesImpl.LoginServcie -  Inside getAllUsers : UserServiceImpl  
2019-04-21 21:59:50 - [http-nio-8080-exec-8] INFO  c.s.s.S.servicesImpl.LoginServcie -  Inside getAllUsers : UserServiceImpl  
2019-04-21 22:00:28 - [http-nio-8080-exec-9] INFO  c.s.s.S.servicesImpl.LoginServcie -  Inside findByEmail : UserServiceImpl  
2019-04-21 22:00:28 - [http-nio-8080-exec-9] INFO  c.s.s.S.servicesImpl.LoginServcie -  Inside update : UserServiceImpl  
2019-04-21 22:00:28 - [http-nio-8080-exec-10] INFO  c.s.s.S.servicesImpl.LoginServcie -  Inside findByEmail : UserServiceImpl  
2019-04-21 22:00:34 - [http-nio-8080-exec-1] INFO  c.s.s.S.servicesImpl.LoginServcie -  Inside getAllUsers : UserServiceImpl  
2019-04-21 22:22:42 - [http-nio-8080-exec-5] INFO  c.s.s.S.servicesImpl.LoginServcie -  Inside findByEmail : UserServiceImpl  
2019-04-21 22:22:58 - [http-nio-8080-exec-7] INFO  c.s.s.S.servicesImpl.LoginServcie -  Inside findByEmail : UserServiceImpl  
2019-04-21 22:22:58 - [http-nio-8080-exec-7] INFO  c.s.s.S.servicesImpl.LoginServcie -  Inside update : UserServiceImpl  
2019-04-21 22:22:58 - [http-nio-8080-exec-8] INFO  c.s.s.S.servicesImpl.LoginServcie -  Inside findByEmail : UserServiceImpl  
2019-04-21 22:23:03 - [http-nio-8080-exec-9] INFO  c.s.s.S.servicesImpl.LoginServcie -  Inside findByEmail : UserServiceImpl  
2019-04-21 22:24:21 - [http-nio-8080-exec-2] INFO  c.s.s.S.servicesImpl.LoginServcie -  Inside findByEmail : UserServiceImpl  
2019-04-21 22:24:21 - [http-nio-8080-exec-2] INFO  c.s.s.S.servicesImpl.LoginServcie -  Inside update : UserServiceImpl  
2019-04-21 22:24:21 - [http-nio-8080-exec-3] INFO  c.s.s.S.servicesImpl.LoginServcie -  Inside findByEmail : UserServiceImpl  
2019-04-21 22:24:24 - [http-nio-8080-exec-4] INFO  c.s.s.S.servicesImpl.LoginServcie -  Inside findByEmail : UserServiceImpl  
2019-04-21 22:24:29 - [http-nio-8080-exec-5] INFO  c.s.s.S.servicesImpl.LoginServcie -  Inside findByEmail : UserServiceImpl  
2019-04-21 22:24:29 - [http-nio-8080-exec-5] INFO  c.s.s.S.servicesImpl.LoginServcie -  Inside update : UserServiceImpl  
2019-04-21 22:24:29 - [http-nio-8080-exec-6] INFO  c.s.s.S.servicesImpl.LoginServcie -  Inside findByEmail : UserServiceImpl  
2019-04-21 22:24:33 - [http-nio-8080-exec-8] INFO  c.s.s.S.servicesImpl.LoginServcie -  Inside findByEmail : UserServiceImpl  
2019-04-21 22:24:37 - [http-nio-8080-exec-9] INFO  c.s.s.S.servicesImpl.LoginServcie -  Inside findByEmail : UserServiceImpl  
2019-04-21 22:24:37 - [http-nio-8080-exec-9] INFO  c.s.s.S.servicesImpl.LoginServcie -  Inside update : UserServiceImpl  
2019-04-21 22:24:37 - [http-nio-8080-exec-10] INFO  c.s.s.S.servicesImpl.LoginServcie -  Inside findByEmail : UserServiceImpl  
2019-04-21 22:29:05 - [http-nio-8080-exec-8] INFO  c.s.s.S.servicesImpl.LoginServcie -  Inside findByEmail : UserServiceImpl  
2019-04-21 22:29:05 - [http-nio-8080-exec-8] INFO  c.s.s.S.servicesImpl.LoginServcie -  Inside save : UserServiceImpl  
2019-04-21 22:29:05 - [http-nio-8080-exec-8] INFO  c.s.s.S.servicesImpl.LoginServcie -  Inside loadUserByUsername : LoginServiceImpl  
2019-04-21 22:29:05 - [http-nio-8080-exec-8] INFO  c.s.s.S.servicesImpl.LoginServcie -  Inside loadUserByUsername : LoginServiceImpl  
2019-04-21 22:29:05 - [http-nio-8080-exec-9] INFO  c.s.s.S.servicesImpl.LoginServcie -  Inside findByEmail : UserServiceImpl  
2019-04-21 22:29:08 - [http-nio-8080-exec-10] INFO  c.s.s.S.servicesImpl.LoginServcie -  Inside findByEmail : UserServiceImpl  
2019-04-21 22:29:15 - [http-nio-8080-exec-2] INFO  c.s.s.S.servicesImpl.LoginServcie -  Inside findByEmail : UserServiceImpl  
2019-04-21 22:29:15 - [http-nio-8080-exec-2] INFO  c.s.s.S.servicesImpl.LoginServcie -  Inside update : UserServiceImpl  
2019-04-21 22:29:15 - [http-nio-8080-exec-3] INFO  c.s.s.S.servicesImpl.LoginServcie -  Inside findByEmail : UserServiceImpl  
2019-04-21 22:31:34 - [http-nio-8080-exec-6] INFO  c.s.s.S.servicesImpl.LoginServcie -  Inside getAllUsers : UserServiceImpl  
2019-04-21 23:44:06 - [http-nio-8080-exec-4] INFO  c.s.s.S.servicesImpl.LoginServcie -  Inside loadUserByUsername : LoginServiceImpl  
2019-04-21 23:44:06 - [http-nio-8080-exec-4] INFO  c.s.s.S.servicesImpl.LoginServcie - User not found
2019-04-21 23:44:18 - [http-nio-8080-exec-8] INFO  c.s.s.S.servicesImpl.LoginServcie -  Inside loadUserByUsername : LoginServiceImpl  
2019-04-21 23:44:47 - [http-nio-8080-exec-5] INFO  c.s.s.S.servicesImpl.LoginServcie -  Inside loadUserByUsername : LoginServiceImpl  
2019-04-21 23:44:47 - [http-nio-8080-exec-6] INFO  c.s.s.S.servicesImpl.LoginServcie -  Inside findByEmail : UserServiceImpl  
2019-04-21 23:44:47 - [http-nio-8080-exec-7] INFO  c.s.s.S.servicesImpl.LoginServcie -  Inside findByEmail : UserServiceImpl  
2019-04-21 23:44:50 - [http-nio-8080-exec-9] INFO  c.s.s.S.servicesImpl.LoginServcie -  Inside findByEmail : UserServiceImpl  
2019-04-21 23:45:05 - [http-nio-8080-exec-1] INFO  c.s.s.S.servicesImpl.LoginServcie -  Inside findByEmail : UserServiceImpl  
2019-04-21 23:45:05 - [http-nio-8080-exec-1] INFO  c.s.s.S.servicesImpl.LoginServcie -  Inside update : UserServiceImpl  
2019-04-21 23:45:05 - [http-nio-8080-exec-2] INFO  c.s.s.S.servicesImpl.LoginServcie -  Inside findByEmail : UserServiceImpl  
2019-04-21 23:47:41 - [http-nio-8080-exec-5] INFO  c.s.s.S.servicesImpl.LoginServcie -  Inside findByEmail : UserServiceImpl  
2019-04-21 23:47:45 - [http-nio-8080-exec-7] INFO  c.s.s.S.servicesImpl.LoginServcie -  Inside findByEmail : UserServiceImpl  
2019-04-21 23:47:48 - [http-nio-8080-exec-8] INFO  c.s.s.S.servicesImpl.LoginServcie -  Inside findByEmail : UserServiceImpl  
