2019-04-16 17:39:25 - [restartedMain] INFO  c.s.s.S.SpringSecurityApplication - Starting SpringSecurityApplication on DESKTOP-LG5DV4R with PID 3060 (C:\Users\Mohmmad\Downloads\Compressed\SpringSecurity\SpringSecurity\target\classes started by Mohmmad in C:\Users\Mohmmad\Downloads\Compressed\SpringSecurity\SpringSecurity)
2019-04-16 17:39:25 - [restartedMain] INFO  c.s.s.S.SpringSecurityApplication - No active profile set, falling back to default profiles: default
2019-04-16 17:39:25 - [restartedMain] INFO  o.s.b.w.s.c.AnnotationConfigServletWebServerApplicationContext - Refreshing org.springframework.boot.web.servlet.context.AnnotationConfigServletWebServerApplicationContext@45ca79dd: startup date [Tue Apr 16 17:39:25 CEST 2019]; root of context hierarchy
2019-04-16 17:39:28 - [restartedMain] INFO  o.s.c.s.PostProcessorRegistrationDelegate$BeanPostProcessorChecker - Bean 'org.springframework.transaction.annotation.ProxyTransactionManagementConfiguration' of type [org.springframework.transaction.annotation.ProxyTransactionManagementConfiguration$$EnhancerBySpringCGLIB$$2b4fec0c] is not eligible for getting processed by all BeanPostProcessors (for example: not eligible for auto-proxying)
2019-04-16 17:39:28 - [restartedMain] INFO  o.s.b.w.e.tomcat.TomcatWebServer - Tomcat initialized with port(s): 8080 (http)
2019-04-16 17:39:28 - [restartedMain] INFO  o.a.catalina.core.StandardService - Starting service [Tomcat]
2019-04-16 17:39:28 - [restartedMain] INFO  o.a.catalina.core.StandardEngine - Starting Servlet Engine: Apache Tomcat/8.5.34
2019-04-16 17:39:28 - [localhost-startStop-1] INFO  o.a.c.core.AprLifecycleListener - The APR based Apache Tomcat Native library which allows optimal performance in production environments was not found on the java.library.path: [C:\Program Files\Java\jre1.8.0_201\bin;C:\Windows\Sun\Java\bin;C:\Windows\system32;C:\Windows;C:/Program Files/Java/jdk1.8.0_201/bin/../jre/bin/server;C:/Program Files/Java/jdk1.8.0_201/bin/../jre/bin;C:/Program Files/Java/jdk1.8.0_201/bin/../jre/lib/amd64;C:\Windows\system32;C:\Windows;C:\Windows\System32\Wbem;C:\Windows\System32\WindowsPowerShell\v1.0\;C:\Windows\System32\OpenSSH\;C:\Program Files\nodejs\;C:\Users\Mohmmad\Downloads\Compressed\maven\bin;C:\Program Files\Java\jdk1.8.0_201\bin;C:\Users\Mohmmad\AppData\Local\Microsoft\WindowsApps;C:\Users\Mohmmad\AppData\Roaming\npm;C:\Users\Mohmmad\AppData\Local\Programs\Microsoft VS Code\bin;C:\Users\Mohmmad\Downloads\Compressed\spring-tool-suite-4-4.1.2.RELEASE-e4.10.0-win32.win32.x86_64\sts-4.1.2.RELEASE;;.]
2019-04-16 17:39:28 - [localhost-startStop-1] INFO  o.a.c.c.C.[Tomcat].[localhost].[/] - Initializing Spring embedded WebApplicationContext
2019-04-16 17:39:28 - [localhost-startStop-1] INFO  o.s.web.context.ContextLoader - Root WebApplicationContext: initialization completed in 3046 ms
2019-04-16 17:39:29 - [localhost-startStop-1] INFO  o.s.b.w.s.FilterRegistrationBean - Mapping filter: 'characterEncodingFilter' to: [/*]
2019-04-16 17:39:29 - [localhost-startStop-1] INFO  o.s.b.w.s.FilterRegistrationBean - Mapping filter: 'hiddenHttpMethodFilter' to: [/*]
2019-04-16 17:39:29 - [localhost-startStop-1] INFO  o.s.b.w.s.FilterRegistrationBean - Mapping filter: 'httpPutFormContentFilter' to: [/*]
2019-04-16 17:39:29 - [localhost-startStop-1] INFO  o.s.b.w.s.FilterRegistrationBean - Mapping filter: 'requestContextFilter' to: [/*]
2019-04-16 17:39:29 - [localhost-startStop-1] INFO  o.s.b.w.s.DelegatingFilterProxyRegistrationBean - Mapping filter: 'springSecurityFilterChain' to: [/*]
2019-04-16 17:39:29 - [localhost-startStop-1] INFO  o.s.b.w.s.ServletRegistrationBean - Servlet dispatcherServlet mapped to [/]
2019-04-16 17:39:29 - [restartedMain] INFO  com.zaxxer.hikari.HikariDataSource - HikariPool-1 - Starting...
2019-04-16 17:39:29 - [restartedMain] INFO  com.zaxxer.hikari.HikariDataSource - HikariPool-1 - Start completed.
2019-04-16 17:39:29 - [restartedMain] INFO  o.s.o.j.LocalContainerEntityManagerFactoryBean - Building JPA container EntityManagerFactory for persistence unit 'default'
2019-04-16 17:39:29 - [restartedMain] INFO  o.h.jpa.internal.util.LogHelper - HHH000204: Processing PersistenceUnitInfo [
	name: default
	...]
2019-04-16 17:39:29 - [restartedMain] INFO  org.hibernate.Version - HHH000412: Hibernate Core {5.2.17.Final}
2019-04-16 17:39:29 - [restartedMain] INFO  org.hibernate.cfg.Environment - HHH000206: hibernate.properties not found
2019-04-16 17:39:29 - [restartedMain] INFO  o.h.annotations.common.Version - HCANN000001: Hibernate Commons Annotations {5.0.1.Final}
2019-04-16 17:39:30 - [restartedMain] INFO  org.hibernate.dialect.Dialect - HHH000400: Using dialect: org.hibernate.dialect.MySQL5Dialect
2019-04-16 17:39:30 - [restartedMain] INFO  o.s.o.j.LocalContainerEntityManagerFactoryBean - Initialized JPA EntityManagerFactory for persistence unit 'default'
2019-04-16 17:39:30 - [restartedMain] WARN  o.s.b.w.s.c.AnnotationConfigServletWebServerApplicationContext - Exception encountered during context initialization - cancelling refresh attempt: org.springframework.beans.factory.UnsatisfiedDependencyException: Error creating bean with name 'adminController': Unsatisfied dependency expressed through field 'userService'; nested exception is org.springframework.beans.factory.BeanCreationException: Error creating bean with name 'userServiceImpl': Lookup method resolution failed; nested exception is java.lang.IllegalStateException: Failed to introspect Class [com.springboot.security.SpringSecurity.service.UserServiceImpl] from ClassLoader [org.springframework.boot.devtools.restart.classloader.RestartClassLoader@7190d13c]
2019-04-16 17:39:30 - [restartedMain] INFO  o.s.o.j.LocalContainerEntityManagerFactoryBean - Closing JPA EntityManagerFactory for persistence unit 'default'
2019-04-16 17:39:30 - [restartedMain] INFO  com.zaxxer.hikari.HikariDataSource - HikariPool-1 - Shutdown initiated...
2019-04-16 17:39:30 - [restartedMain] INFO  com.zaxxer.hikari.HikariDataSource - HikariPool-1 - Shutdown completed.
2019-04-16 17:39:30 - [restartedMain] INFO  o.a.catalina.core.StandardService - Stopping service [Tomcat]
2019-04-16 17:39:30 - [restartedMain] INFO  o.s.b.a.l.ConditionEvaluationReportLoggingListener - 

Error starting ApplicationContext. To display the conditions report re-run your application with 'debug' enabled.
2019-04-16 17:39:30 - [restartedMain] ERROR o.s.boot.SpringApplication - Application run failed
org.springframework.beans.factory.UnsatisfiedDependencyException: Error creating bean with name 'adminController': Unsatisfied dependency expressed through field 'userService'; nested exception is org.springframework.beans.factory.BeanCreationException: Error creating bean with name 'userServiceImpl': Lookup method resolution failed; nested exception is java.lang.IllegalStateException: Failed to introspect Class [com.springboot.security.SpringSecurity.service.UserServiceImpl] from ClassLoader [org.springframework.boot.devtools.restart.classloader.RestartClassLoader@7190d13c]
	at org.springframework.beans.factory.annotation.AutowiredAnnotationBeanPostProcessor$AutowiredFieldElement.inject(AutowiredAnnotationBeanPostProcessor.java:586)
	at org.springframework.beans.factory.annotation.InjectionMetadata.inject(InjectionMetadata.java:90)
	at org.springframework.beans.factory.annotation.AutowiredAnnotationBeanPostProcessor.postProcessPropertyValues(AutowiredAnnotationBeanPostProcessor.java:372)
	at org.springframework.beans.factory.support.AbstractAutowireCapableBeanFactory.populateBean(AbstractAutowireCapableBeanFactory.java:1341)
	at org.springframework.beans.factory.support.AbstractAutowireCapableBeanFactory.doCreateBean(AbstractAutowireCapableBeanFactory.java:572)
	at org.springframework.beans.factory.support.AbstractAutowireCapableBeanFactory.createBean(AbstractAutowireCapableBeanFactory.java:495)
	at org.springframework.beans.factory.support.AbstractBeanFactory.lambda$doGetBean$0(AbstractBeanFactory.java:317)
	at org.springframework.beans.factory.support.DefaultSingletonBeanRegistry.getSingleton(DefaultSingletonBeanRegistry.java:222)
	at org.springframework.beans.factory.support.AbstractBeanFactory.doGetBean(AbstractBeanFactory.java:315)
	at org.springframework.beans.factory.support.AbstractBeanFactory.getBean(AbstractBeanFactory.java:199)
	at org.springframework.beans.factory.support.DefaultListableBeanFactory.preInstantiateSingletons(DefaultListableBeanFactory.java:759)
	at org.springframework.context.support.AbstractApplicationContext.finishBeanFactoryInitialization(AbstractApplicationContext.java:869)
	at org.springframework.context.support.AbstractApplicationContext.refresh(AbstractApplicationContext.java:550)
	at org.springframework.boot.web.servlet.context.ServletWebServerApplicationContext.refresh(ServletWebServerApplicationContext.java:140)
	at org.springframework.boot.SpringApplication.refresh(SpringApplication.java:780)
	at org.springframework.boot.SpringApplication.refreshContext(SpringApplication.java:412)
	at org.springframework.boot.SpringApplication.run(SpringApplication.java:333)
	at org.springframework.boot.SpringApplication.run(SpringApplication.java:1277)
	at org.springframework.boot.SpringApplication.run(SpringApplication.java:1265)
	at com.springboot.security.SpringSecurity.SpringSecurityApplication.main(SpringSecurityApplication.java:10)
	at sun.reflect.NativeMethodAccessorImpl.invoke0(Native Method)
	at sun.reflect.NativeMethodAccessorImpl.invoke(Unknown Source)
	at sun.reflect.DelegatingMethodAccessorImpl.invoke(Unknown Source)
	at java.lang.reflect.Method.invoke(Unknown Source)
	at org.springframework.boot.devtools.restart.RestartLauncher.run(RestartLauncher.java:49)
Caused by: org.springframework.beans.factory.BeanCreationException: Error creating bean with name 'userServiceImpl': Lookup method resolution failed; nested exception is java.lang.IllegalStateException: Failed to introspect Class [com.springboot.security.SpringSecurity.service.UserServiceImpl] from ClassLoader [org.springframework.boot.devtools.restart.classloader.RestartClassLoader@7190d13c]
	at org.springframework.beans.factory.annotation.AutowiredAnnotationBeanPostProcessor.determineCandidateConstructors(AutowiredAnnotationBeanPostProcessor.java:261)
	at org.springframework.beans.factory.support.AbstractAutowireCapableBeanFactory.determineConstructorsFromBeanPostProcessors(AbstractAutowireCapableBeanFactory.java:1195)
	at org.springframework.beans.factory.support.AbstractAutowireCapableBeanFactory.createBeanInstance(AbstractAutowireCapableBeanFactory.java:1120)
	at org.springframework.beans.factory.support.AbstractAutowireCapableBeanFactory.doCreateBean(AbstractAutowireCapableBeanFactory.java:535)
	at org.springframework.beans.factory.support.AbstractAutowireCapableBeanFactory.createBean(AbstractAutowireCapableBeanFactory.java:495)
	at org.springframework.beans.factory.support.AbstractBeanFactory.lambda$doGetBean$0(AbstractBeanFactory.java:317)
	at org.springframework.beans.factory.support.DefaultSingletonBeanRegistry.getSingleton(DefaultSingletonBeanRegistry.java:222)
	at org.springframework.beans.factory.support.AbstractBeanFactory.doGetBean(AbstractBeanFactory.java:315)
	at org.springframework.beans.factory.support.AbstractBeanFactory.getBean(AbstractBeanFactory.java:199)
	at org.springframework.beans.factory.config.DependencyDescriptor.resolveCandidate(DependencyDescriptor.java:251)
	at org.springframework.beans.factory.support.DefaultListableBeanFactory.doResolveDependency(DefaultListableBeanFactory.java:1135)
	at org.springframework.beans.factory.support.DefaultListableBeanFactory.resolveDependency(DefaultListableBeanFactory.java:1062)
	at org.springframework.beans.factory.annotation.AutowiredAnnotationBeanPostProcessor$AutowiredFieldElement.inject(AutowiredAnnotationBeanPostProcessor.java:583)
	... 24 common frames omitted
Caused by: java.lang.IllegalStateException: Failed to introspect Class [com.springboot.security.SpringSecurity.service.UserServiceImpl] from ClassLoader [org.springframework.boot.devtools.restart.classloader.RestartClassLoader@7190d13c]
	at org.springframework.util.ReflectionUtils.getDeclaredMethods(ReflectionUtils.java:659)
	at org.springframework.util.ReflectionUtils.doWithMethods(ReflectionUtils.java:556)
	at org.springframework.util.ReflectionUtils.doWithMethods(ReflectionUtils.java:541)
	at org.springframework.beans.factory.annotation.AutowiredAnnotationBeanPostProcessor.determineCandidateConstructors(AutowiredAnnotationBeanPostProcessor.java:244)
	... 36 common frames omitted
Caused by: java.lang.NoClassDefFoundError: List
	at java.lang.Class.getDeclaredMethods0(Native Method)
	at java.lang.Class.privateGetDeclaredMethods(Unknown Source)
	at java.lang.Class.getDeclaredMethods(Unknown Source)
	at org.springframework.util.ReflectionUtils.getDeclaredMethods(ReflectionUtils.java:641)
	... 39 common frames omitted
Caused by: java.lang.ClassNotFoundException: List
	at java.net.URLClassLoader.findClass(Unknown Source)
	at java.lang.ClassLoader.loadClass(Unknown Source)
	at sun.misc.Launcher$AppClassLoader.loadClass(Unknown Source)
	at java.lang.ClassLoader.loadClass(Unknown Source)
	at org.springframework.boot.devtools.restart.classloader.RestartClassLoader.loadClass(RestartClassLoader.java:148)
	at java.lang.ClassLoader.loadClass(Unknown Source)
	... 43 common frames omitted
2019-04-16 17:43:26 - [restartedMain] INFO  c.s.s.S.SpringSecurityApplication - Starting SpringSecurityApplication on DESKTOP-LG5DV4R with PID 12608 (C:\Users\Mohmmad\Downloads\Compressed\SpringSecurity\SpringSecurity\target\classes started by Mohmmad in C:\Users\Mohmmad\Downloads\Compressed\SpringSecurity\SpringSecurity)
2019-04-16 17:43:26 - [restartedMain] INFO  c.s.s.S.SpringSecurityApplication - No active profile set, falling back to default profiles: default
2019-04-16 17:43:26 - [restartedMain] INFO  o.s.b.w.s.c.AnnotationConfigServletWebServerApplicationContext - Refreshing org.springframework.boot.web.servlet.context.AnnotationConfigServletWebServerApplicationContext@2ed6aa2b: startup date [Tue Apr 16 17:43:26 CEST 2019]; root of context hierarchy
2019-04-16 17:43:28 - [restartedMain] INFO  o.s.c.s.PostProcessorRegistrationDelegate$BeanPostProcessorChecker - Bean 'org.springframework.transaction.annotation.ProxyTransactionManagementConfiguration' of type [org.springframework.transaction.annotation.ProxyTransactionManagementConfiguration$$EnhancerBySpringCGLIB$$886e4c4] is not eligible for getting processed by all BeanPostProcessors (for example: not eligible for auto-proxying)
2019-04-16 17:43:29 - [restartedMain] INFO  o.s.b.w.e.tomcat.TomcatWebServer - Tomcat initialized with port(s): 8080 (http)
2019-04-16 17:43:29 - [restartedMain] INFO  o.a.catalina.core.StandardService - Starting service [Tomcat]
2019-04-16 17:43:29 - [restartedMain] INFO  o.a.catalina.core.StandardEngine - Starting Servlet Engine: Apache Tomcat/8.5.34
2019-04-16 17:43:29 - [localhost-startStop-1] INFO  o.a.c.core.AprLifecycleListener - The APR based Apache Tomcat Native library which allows optimal performance in production environments was not found on the java.library.path: [C:\Program Files\Java\jre1.8.0_201\bin;C:\Windows\Sun\Java\bin;C:\Windows\system32;C:\Windows;C:/Program Files/Java/jdk1.8.0_201/bin/../jre/bin/server;C:/Program Files/Java/jdk1.8.0_201/bin/../jre/bin;C:/Program Files/Java/jdk1.8.0_201/bin/../jre/lib/amd64;C:\Windows\system32;C:\Windows;C:\Windows\System32\Wbem;C:\Windows\System32\WindowsPowerShell\v1.0\;C:\Windows\System32\OpenSSH\;C:\Program Files\nodejs\;C:\Users\Mohmmad\Downloads\Compressed\maven\bin;C:\Program Files\Java\jdk1.8.0_201\bin;C:\Users\Mohmmad\AppData\Local\Microsoft\WindowsApps;C:\Users\Mohmmad\AppData\Roaming\npm;C:\Users\Mohmmad\AppData\Local\Programs\Microsoft VS Code\bin;C:\Users\Mohmmad\Downloads\Compressed\spring-tool-suite-4-4.1.2.RELEASE-e4.10.0-win32.win32.x86_64\sts-4.1.2.RELEASE;;.]
2019-04-16 17:43:29 - [localhost-startStop-1] INFO  o.a.c.c.C.[Tomcat].[localhost].[/] - Initializing Spring embedded WebApplicationContext
2019-04-16 17:43:29 - [localhost-startStop-1] INFO  o.s.web.context.ContextLoader - Root WebApplicationContext: initialization completed in 3039 ms
2019-04-16 17:43:29 - [localhost-startStop-1] INFO  o.s.b.w.s.FilterRegistrationBean - Mapping filter: 'characterEncodingFilter' to: [/*]
2019-04-16 17:43:29 - [localhost-startStop-1] INFO  o.s.b.w.s.FilterRegistrationBean - Mapping filter: 'hiddenHttpMethodFilter' to: [/*]
2019-04-16 17:43:29 - [localhost-startStop-1] INFO  o.s.b.w.s.FilterRegistrationBean - Mapping filter: 'httpPutFormContentFilter' to: [/*]
2019-04-16 17:43:29 - [localhost-startStop-1] INFO  o.s.b.w.s.FilterRegistrationBean - Mapping filter: 'requestContextFilter' to: [/*]
2019-04-16 17:43:29 - [localhost-startStop-1] INFO  o.s.b.w.s.DelegatingFilterProxyRegistrationBean - Mapping filter: 'springSecurityFilterChain' to: [/*]
2019-04-16 17:43:29 - [localhost-startStop-1] INFO  o.s.b.w.s.ServletRegistrationBean - Servlet dispatcherServlet mapped to [/]
2019-04-16 17:43:30 - [restartedMain] INFO  com.zaxxer.hikari.HikariDataSource - HikariPool-1 - Starting...
2019-04-16 17:43:30 - [restartedMain] INFO  com.zaxxer.hikari.HikariDataSource - HikariPool-1 - Start completed.
2019-04-16 17:43:30 - [restartedMain] INFO  o.s.o.j.LocalContainerEntityManagerFactoryBean - Building JPA container EntityManagerFactory for persistence unit 'default'
2019-04-16 17:43:30 - [restartedMain] INFO  o.h.jpa.internal.util.LogHelper - HHH000204: Processing PersistenceUnitInfo [
	name: default
	...]
2019-04-16 17:43:31 - [restartedMain] INFO  org.hibernate.Version - HHH000412: Hibernate Core {5.2.17.Final}
2019-04-16 17:43:31 - [restartedMain] INFO  org.hibernate.cfg.Environment - HHH000206: hibernate.properties not found
2019-04-16 17:43:31 - [restartedMain] INFO  o.h.annotations.common.Version - HCANN000001: Hibernate Commons Annotations {5.0.1.Final}
2019-04-16 17:43:31 - [restartedMain] INFO  org.hibernate.dialect.Dialect - HHH000400: Using dialect: org.hibernate.dialect.MySQL5Dialect
2019-04-16 17:43:31 - [restartedMain] INFO  o.s.o.j.LocalContainerEntityManagerFactoryBean - Initialized JPA EntityManagerFactory for persistence unit 'default'
2019-04-16 17:43:32 - [restartedMain] INFO  o.h.h.i.QueryTranslatorFactoryInitiator - HHH000397: Using ASTQueryTranslatorFactory
2019-04-16 17:43:33 - [restartedMain] INFO  o.s.s.web.DefaultSecurityFilterChain - Creating filter chain: org.springframework.security.web.util.matcher.AnyRequestMatcher@1, [org.springframework.security.web.context.request.async.WebAsyncManagerIntegrationFilter@48be72dd, org.springframework.security.web.context.SecurityContextPersistenceFilter@3df8fef4, org.springframework.security.web.header.HeaderWriterFilter@5a607390, org.springframework.security.web.csrf.CsrfFilter@7edd8860, org.springframework.security.web.authentication.logout.LogoutFilter@1181d927, org.springframework.security.web.authentication.UsernamePasswordAuthenticationFilter@3b974b22, org.springframework.security.web.savedrequest.RequestCacheAwareFilter@38c6b4ad, org.springframework.security.web.servletapi.SecurityContextHolderAwareRequestFilter@146be718, org.springframework.security.web.authentication.AnonymousAuthenticationFilter@58f234e6, org.springframework.security.web.session.SessionManagementFilter@1f6f6b73, org.springframework.security.web.access.ExceptionTranslationFilter@280a5539, org.springframework.security.web.access.intercept.FilterSecurityInterceptor@4ef7a0db]
2019-04-16 17:43:33 - [restartedMain] INFO  o.s.w.s.h.SimpleUrlHandlerMapping - Mapped URL path [/**/favicon.ico] onto handler of type [class org.springframework.web.servlet.resource.ResourceHttpRequestHandler]
2019-04-16 17:43:33 - [restartedMain] INFO  o.s.w.s.m.m.a.RequestMappingHandlerAdapter - Looking for @ControllerAdvice: org.springframework.boot.web.servlet.context.AnnotationConfigServletWebServerApplicationContext@2ed6aa2b: startup date [Tue Apr 16 17:43:26 CEST 2019]; root of context hierarchy
2019-04-16 17:43:33 - [restartedMain] WARN  o.s.b.a.o.j.JpaBaseConfiguration$JpaWebConfiguration$JpaWebMvcConfiguration - spring.jpa.open-in-view is enabled by default. Therefore, database queries may be performed during view rendering. Explicitly configure spring.jpa.open-in-view to disable this warning
2019-04-16 17:43:33 - [restartedMain] INFO  o.s.w.s.m.m.a.RequestMappingHandlerMapping - Mapped "{[/admin/updateuserinfo],methods=[POST]}" onto public java.lang.String com.springboot.security.SpringSecurity.controller.AdminController.updateuserinfo(com.springboot.security.SpringSecurity.model.UserInfo,org.springframework.ui.Model,java.security.Principal,org.springframework.web.servlet.mvc.support.RedirectAttributes)
2019-04-16 17:43:33 - [restartedMain] INFO  o.s.w.s.m.m.a.RequestMappingHandlerMapping - Mapped "{[/admin/edituserinfo],methods=[GET]}" onto public java.lang.String com.springboot.security.SpringSecurity.controller.AdminController.editUserInfo(org.springframework.ui.Model,java.security.Principal)
2019-04-16 17:43:33 - [restartedMain] INFO  o.s.w.s.m.m.a.RequestMappingHandlerMapping - Mapped "{[/admin/dashboard],methods=[GET]}" onto public java.lang.String com.springboot.security.SpringSecurity.controller.AdminController.userDashboard(org.springframework.ui.Model,java.security.Principal)
2019-04-16 17:43:33 - [restartedMain] INFO  o.s.w.s.m.m.a.RequestMappingHandlerMapping - Mapped "{[/loginfailure],methods=[GET]}" onto public java.lang.String com.springboot.security.SpringSecurity.controller.LoginController.loginfailure(org.springframework.ui.Model)
2019-04-16 17:43:33 - [restartedMain] INFO  o.s.w.s.m.m.a.RequestMappingHandlerMapping - Mapped "{[/access-denied],methods=[GET]}" onto public java.lang.String com.springboot.security.SpringSecurity.controller.LoginController.accessdenied(org.springframework.ui.Model)
2019-04-16 17:43:33 - [restartedMain] INFO  o.s.w.s.m.m.a.RequestMappingHandlerMapping - Mapped "{[/],methods=[GET]}" onto public java.lang.String com.springboot.security.SpringSecurity.controller.LoginController.login()
2019-04-16 17:43:33 - [restartedMain] INFO  o.s.w.s.m.m.a.RequestMappingHandlerMapping - Mapped "{[/logout],methods=[GET]}" onto public java.lang.String com.springboot.security.SpringSecurity.controller.LoginController.logoutPage(javax.servlet.http.HttpServletRequest,javax.servlet.http.HttpServletResponse)
2019-04-16 17:43:33 - [restartedMain] INFO  o.s.w.s.m.m.a.RequestMappingHandlerMapping - Mapped "{[/login],methods=[GET]}" onto public java.lang.String com.springboot.security.SpringSecurity.controller.LoginController.loginpage()
2019-04-16 17:43:33 - [restartedMain] INFO  o.s.w.s.m.m.a.RequestMappingHandlerMapping - Mapped "{[/redirectdashboard],methods=[GET]}" onto public java.lang.String com.springboot.security.SpringSecurity.controller.RedirectDashboardController.redirectDashboard(java.security.Principal,org.springframework.ui.Model)
2019-04-16 17:43:33 - [restartedMain] INFO  o.s.w.s.m.m.a.RequestMappingHandlerMapping - Mapped "{[/registration],methods=[GET]}" onto public java.lang.String com.springboot.security.SpringSecurity.controller.RegistrationController.registrationPage(org.springframework.ui.Model)
2019-04-16 17:43:33 - [restartedMain] INFO  o.s.w.s.m.m.a.RequestMappingHandlerMapping - Mapped "{[/register-process],methods=[POST]}" onto public java.lang.String com.springboot.security.SpringSecurity.controller.RegistrationController.registrationPage(com.springboot.security.SpringSecurity.model.UserInfo,javax.servlet.http.HttpServletRequest)
2019-04-16 17:43:33 - [restartedMain] INFO  o.s.w.s.m.m.a.RequestMappingHandlerMapping - Mapped "{[/superadmin/updateuserinfo],methods=[POST]}" onto public java.lang.String com.springboot.security.SpringSecurity.controller.SuperAdminController.updateuserinfo(com.springboot.security.SpringSecurity.model.UserInfo,org.springframework.ui.Model,java.security.Principal,org.springframework.web.servlet.mvc.support.RedirectAttributes)
2019-04-16 17:43:33 - [restartedMain] INFO  o.s.w.s.m.m.a.RequestMappingHandlerMapping - Mapped "{[/superadmin/edituserinfo],methods=[GET]}" onto public java.lang.String com.springboot.security.SpringSecurity.controller.SuperAdminController.editUserInfo(org.springframework.ui.Model,java.security.Principal)
2019-04-16 17:43:33 - [restartedMain] INFO  o.s.w.s.m.m.a.RequestMappingHandlerMapping - Mapped "{[/superadmin/dashboard],methods=[GET]}" onto public java.lang.String com.springboot.security.SpringSecurity.controller.SuperAdminController.userDashboard(org.springframework.ui.Model,java.security.Principal)
2019-04-16 17:43:33 - [restartedMain] INFO  o.s.w.s.m.m.a.RequestMappingHandlerMapping - Mapped "{[/users/updateuserinfo],methods=[POST]}" onto public java.lang.String com.springboot.security.SpringSecurity.controller.UserController.updateuserinfo(com.springboot.security.SpringSecurity.model.UserInfo,org.springframework.ui.Model,java.security.Principal,org.springframework.web.servlet.mvc.support.RedirectAttributes)
2019-04-16 17:43:33 - [restartedMain] INFO  o.s.w.s.m.m.a.RequestMappingHandlerMapping - Mapped "{[/users/edituserinfo],methods=[GET]}" onto public java.lang.String com.springboot.security.SpringSecurity.controller.UserController.editUserInfo(org.springframework.ui.Model,java.security.Principal)
2019-04-16 17:43:33 - [restartedMain] INFO  o.s.w.s.m.m.a.RequestMappingHandlerMapping - Mapped "{[/users/dashboard],methods=[GET]}" onto public java.lang.String com.springboot.security.SpringSecurity.controller.UserController.userDashboard(org.springframework.ui.Model,java.security.Principal)
2019-04-16 17:43:33 - [restartedMain] INFO  o.s.w.s.m.m.a.RequestMappingHandlerMapping - Mapped "{[/error]}" onto public org.springframework.http.ResponseEntity<java.util.Map<java.lang.String, java.lang.Object>> org.springframework.boot.autoconfigure.web.servlet.error.BasicErrorController.error(javax.servlet.http.HttpServletRequest)
2019-04-16 17:43:33 - [restartedMain] INFO  o.s.w.s.m.m.a.RequestMappingHandlerMapping - Mapped "{[/error],produces=[text/html]}" onto public org.springframework.web.servlet.ModelAndView org.springframework.boot.autoconfigure.web.servlet.error.BasicErrorController.errorHtml(javax.servlet.http.HttpServletRequest,javax.servlet.http.HttpServletResponse)
2019-04-16 17:43:33 - [restartedMain] INFO  o.s.w.s.h.SimpleUrlHandlerMapping - Mapped URL path [/webjars/**] onto handler of type [class org.springframework.web.servlet.resource.ResourceHttpRequestHandler]
2019-04-16 17:43:33 - [restartedMain] INFO  o.s.w.s.h.SimpleUrlHandlerMapping - Mapped URL path [/**] onto handler of type [class org.springframework.web.servlet.resource.ResourceHttpRequestHandler]
2019-04-16 17:43:34 - [restartedMain] INFO  o.s.b.d.a.OptionalLiveReloadServer - LiveReload server is running on port 35729
2019-04-16 17:43:34 - [restartedMain] INFO  o.s.j.e.a.AnnotationMBeanExporter - Registering beans for JMX exposure on startup
2019-04-16 17:43:34 - [restartedMain] INFO  o.s.j.e.a.AnnotationMBeanExporter - Bean with name 'dataSource' has been autodetected for JMX exposure
2019-04-16 17:43:34 - [restartedMain] INFO  o.s.j.e.a.AnnotationMBeanExporter - Located MBean 'dataSource': registering with JMX server as MBean [com.zaxxer.hikari:name=dataSource,type=HikariDataSource]
2019-04-16 17:43:34 - [restartedMain] INFO  o.s.b.w.e.tomcat.TomcatWebServer - Tomcat started on port(s): 8080 (http) with context path ''
2019-04-16 17:43:34 - [restartedMain] INFO  c.s.s.S.SpringSecurityApplication - Started SpringSecurityApplication in 8.293 seconds (JVM running for 9.894)
2019-04-16 17:43:50 - [http-nio-8080-exec-1] INFO  o.a.c.c.C.[Tomcat].[localhost].[/] - Initializing Spring FrameworkServlet 'dispatcherServlet'
2019-04-16 17:43:50 - [http-nio-8080-exec-1] INFO  o.s.web.servlet.DispatcherServlet - FrameworkServlet 'dispatcherServlet': initialization started
2019-04-16 17:43:51 - [http-nio-8080-exec-1] INFO  o.s.web.servlet.DispatcherServlet - FrameworkServlet 'dispatcherServlet': initialization completed in 33 ms
2019-04-16 17:44:05 - [http-nio-8080-exec-6] INFO  c.s.s.S.service.LoginServcieImpl -  Inside loadUserByUsername : LoginServiceImpl  
2019-04-16 17:44:28 - [http-nio-8080-exec-2] INFO  c.s.s.S.service.LoginServcieImpl -  Inside loadUserByUsername : LoginServiceImpl  
2019-04-16 18:00:32 - [http-nio-8080-exec-8] INFO  c.s.s.S.service.LoginServcieImpl -  Inside loadUserByUsername : LoginServiceImpl  
2019-04-16 18:01:14 - [http-nio-8080-exec-8] INFO  c.s.s.S.service.LoginServcieImpl -  Inside loadUserByUsername : LoginServiceImpl  
2019-04-16 18:01:14 - [http-nio-8080-exec-8] INFO  c.s.s.S.service.LoginServcieImpl -  Inside loadUserByUsername : LoginServiceImpl  
2019-04-16 18:37:12 - [HikariPool-1 housekeeper] WARN  com.zaxxer.hikari.pool.HikariPool - HikariPool-1 - Thread starvation or clock leap detected (housekeeper delta=2m40s608ms718µs).
2019-04-16 18:56:41 - [RMI TCP Connection(150)-127.0.0.1] INFO  o.s.b.a.SpringApplicationAdminMXBeanRegistrar$SpringApplicationAdmin - Application shutdown requested.
2019-04-16 18:56:41 - [RMI TCP Connection(150)-127.0.0.1] INFO  o.s.b.w.s.c.AnnotationConfigServletWebServerApplicationContext - Closing org.springframework.boot.web.servlet.context.AnnotationConfigServletWebServerApplicationContext@2ed6aa2b: startup date [Tue Apr 16 17:43:26 CEST 2019]; root of context hierarchy
2019-04-16 18:56:41 - [RMI TCP Connection(150)-127.0.0.1] INFO  o.s.j.e.a.AnnotationMBeanExporter - Unregistering JMX-exposed beans on shutdown
2019-04-16 18:56:41 - [RMI TCP Connection(150)-127.0.0.1] INFO  o.s.j.e.a.AnnotationMBeanExporter - Unregistering JMX-exposed beans
2019-04-16 18:56:41 - [RMI TCP Connection(150)-127.0.0.1] INFO  o.s.o.j.LocalContainerEntityManagerFactoryBean - Closing JPA EntityManagerFactory for persistence unit 'default'
2019-04-16 18:56:41 - [RMI TCP Connection(150)-127.0.0.1] INFO  com.zaxxer.hikari.HikariDataSource - HikariPool-1 - Shutdown initiated...
2019-04-16 18:56:41 - [RMI TCP Connection(150)-127.0.0.1] INFO  com.zaxxer.hikari.HikariDataSource - HikariPool-1 - Shutdown completed.
2019-04-16 18:56:49 - [restartedMain] INFO  c.s.s.S.SpringSecurityApplication - Starting SpringSecurityApplication on DESKTOP-LG5DV4R with PID 7040 (C:\Users\Mohmmad\Downloads\Compressed\SpringSecurity\SpringSecurity\target\classes started by Mohmmad in C:\Users\Mohmmad\Downloads\Compressed\SpringSecurity\SpringSecurity)
2019-04-16 18:56:49 - [restartedMain] INFO  c.s.s.S.SpringSecurityApplication - No active profile set, falling back to default profiles: default
2019-04-16 18:56:49 - [restartedMain] INFO  o.s.b.w.s.c.AnnotationConfigServletWebServerApplicationContext - Refreshing org.springframework.boot.web.servlet.context.AnnotationConfigServletWebServerApplicationContext@316ed3c8: startup date [Tue Apr 16 18:56:49 CEST 2019]; root of context hierarchy
2019-04-16 18:56:51 - [restartedMain] INFO  o.s.c.s.PostProcessorRegistrationDelegate$BeanPostProcessorChecker - Bean 'org.springframework.transaction.annotation.ProxyTransactionManagementConfiguration' of type [org.springframework.transaction.annotation.ProxyTransactionManagementConfiguration$$EnhancerBySpringCGLIB$$a8fcfcb9] is not eligible for getting processed by all BeanPostProcessors (for example: not eligible for auto-proxying)
2019-04-16 18:56:51 - [restartedMain] INFO  o.s.b.w.e.tomcat.TomcatWebServer - Tomcat initialized with port(s): 8080 (http)
2019-04-16 18:56:51 - [restartedMain] INFO  o.a.catalina.core.StandardService - Starting service [Tomcat]
2019-04-16 18:56:51 - [restartedMain] INFO  o.a.catalina.core.StandardEngine - Starting Servlet Engine: Apache Tomcat/8.5.34
2019-04-16 18:56:51 - [localhost-startStop-1] INFO  o.a.c.core.AprLifecycleListener - The APR based Apache Tomcat Native library which allows optimal performance in production environments was not found on the java.library.path: [C:\Program Files\Java\jre1.8.0_201\bin;C:\Windows\Sun\Java\bin;C:\Windows\system32;C:\Windows;C:/Program Files/Java/jdk1.8.0_201/bin/../jre/bin/server;C:/Program Files/Java/jdk1.8.0_201/bin/../jre/bin;C:/Program Files/Java/jdk1.8.0_201/bin/../jre/lib/amd64;C:\Windows\system32;C:\Windows;C:\Windows\System32\Wbem;C:\Windows\System32\WindowsPowerShell\v1.0\;C:\Windows\System32\OpenSSH\;C:\Program Files\nodejs\;C:\Users\Mohmmad\Downloads\Compressed\maven\bin;C:\Program Files\Java\jdk1.8.0_201\bin;C:\Users\Mohmmad\AppData\Local\Microsoft\WindowsApps;C:\Users\Mohmmad\AppData\Roaming\npm;C:\Users\Mohmmad\AppData\Local\Programs\Microsoft VS Code\bin;C:\Users\Mohmmad\Downloads\Compressed\spring-tool-suite-4-4.1.2.RELEASE-e4.10.0-win32.win32.x86_64\sts-4.1.2.RELEASE;;.]
2019-04-16 18:56:52 - [localhost-startStop-1] INFO  o.a.c.c.C.[Tomcat].[localhost].[/] - Initializing Spring embedded WebApplicationContext
2019-04-16 18:56:52 - [localhost-startStop-1] INFO  o.s.web.context.ContextLoader - Root WebApplicationContext: initialization completed in 2873 ms
2019-04-16 18:56:52 - [localhost-startStop-1] INFO  o.s.b.w.s.FilterRegistrationBean - Mapping filter: 'characterEncodingFilter' to: [/*]
2019-04-16 18:56:52 - [localhost-startStop-1] INFO  o.s.b.w.s.FilterRegistrationBean - Mapping filter: 'hiddenHttpMethodFilter' to: [/*]
2019-04-16 18:56:52 - [localhost-startStop-1] INFO  o.s.b.w.s.FilterRegistrationBean - Mapping filter: 'httpPutFormContentFilter' to: [/*]
2019-04-16 18:56:52 - [localhost-startStop-1] INFO  o.s.b.w.s.FilterRegistrationBean - Mapping filter: 'requestContextFilter' to: [/*]
2019-04-16 18:56:52 - [localhost-startStop-1] INFO  o.s.b.w.s.DelegatingFilterProxyRegistrationBean - Mapping filter: 'springSecurityFilterChain' to: [/*]
2019-04-16 18:56:52 - [localhost-startStop-1] INFO  o.s.b.w.s.ServletRegistrationBean - Servlet dispatcherServlet mapped to [/]
2019-04-16 18:56:52 - [restartedMain] INFO  com.zaxxer.hikari.HikariDataSource - HikariPool-1 - Starting...
2019-04-16 18:56:52 - [restartedMain] INFO  com.zaxxer.hikari.HikariDataSource - HikariPool-1 - Start completed.
2019-04-16 18:56:52 - [restartedMain] INFO  o.s.o.j.LocalContainerEntityManagerFactoryBean - Building JPA container EntityManagerFactory for persistence unit 'default'
2019-04-16 18:56:52 - [restartedMain] INFO  o.h.jpa.internal.util.LogHelper - HHH000204: Processing PersistenceUnitInfo [
	name: default
	...]
2019-04-16 18:56:52 - [restartedMain] INFO  org.hibernate.Version - HHH000412: Hibernate Core {5.2.17.Final}
2019-04-16 18:56:52 - [restartedMain] INFO  org.hibernate.cfg.Environment - HHH000206: hibernate.properties not found
2019-04-16 18:56:52 - [restartedMain] INFO  o.h.annotations.common.Version - HCANN000001: Hibernate Commons Annotations {5.0.1.Final}
2019-04-16 18:56:53 - [restartedMain] INFO  org.hibernate.dialect.Dialect - HHH000400: Using dialect: org.hibernate.dialect.MySQL5Dialect
2019-04-16 18:56:53 - [restartedMain] INFO  o.s.o.j.LocalContainerEntityManagerFactoryBean - Initialized JPA EntityManagerFactory for persistence unit 'default'
2019-04-16 18:56:54 - [restartedMain] INFO  o.h.h.i.QueryTranslatorFactoryInitiator - HHH000397: Using ASTQueryTranslatorFactory
2019-04-16 18:56:54 - [restartedMain] INFO  o.s.s.web.DefaultSecurityFilterChain - Creating filter chain: org.springframework.security.web.util.matcher.AnyRequestMatcher@1, [org.springframework.security.web.context.request.async.WebAsyncManagerIntegrationFilter@6a00b3b5, org.springframework.security.web.context.SecurityContextPersistenceFilter@47bd02b, org.springframework.security.web.header.HeaderWriterFilter@296555af, org.springframework.security.web.csrf.CsrfFilter@7eb21421, org.springframework.security.web.authentication.logout.LogoutFilter@3bdf7361, org.springframework.security.web.authentication.UsernamePasswordAuthenticationFilter@5766f049, org.springframework.security.web.savedrequest.RequestCacheAwareFilter@14c48a64, org.springframework.security.web.servletapi.SecurityContextHolderAwareRequestFilter@5b02f68f, org.springframework.security.web.authentication.AnonymousAuthenticationFilter@34dab187, org.springframework.security.web.session.SessionManagementFilter@6ebe625, org.springframework.security.web.access.ExceptionTranslationFilter@5c820347, org.springframework.security.web.access.intercept.FilterSecurityInterceptor@758f24a2]
2019-04-16 18:56:54 - [restartedMain] INFO  o.s.w.s.h.SimpleUrlHandlerMapping - Mapped URL path [/**/favicon.ico] onto handler of type [class org.springframework.web.servlet.resource.ResourceHttpRequestHandler]
2019-04-16 18:56:55 - [restartedMain] INFO  o.s.w.s.m.m.a.RequestMappingHandlerAdapter - Looking for @ControllerAdvice: org.springframework.boot.web.servlet.context.AnnotationConfigServletWebServerApplicationContext@316ed3c8: startup date [Tue Apr 16 18:56:49 CEST 2019]; root of context hierarchy
2019-04-16 18:56:55 - [restartedMain] WARN  o.s.b.a.o.j.JpaBaseConfiguration$JpaWebConfiguration$JpaWebMvcConfiguration - spring.jpa.open-in-view is enabled by default. Therefore, database queries may be performed during view rendering. Explicitly configure spring.jpa.open-in-view to disable this warning
2019-04-16 18:56:55 - [restartedMain] INFO  o.s.w.s.m.m.a.RequestMappingHandlerMapping - Mapped "{[/admin/updateuserinfo],methods=[POST]}" onto public java.lang.String com.springboot.security.SpringSecurity.controller.AdminController.updateuserinfo(com.springboot.security.SpringSecurity.model.UserInfo,org.springframework.ui.Model,java.security.Principal,org.springframework.web.servlet.mvc.support.RedirectAttributes)
2019-04-16 18:56:55 - [restartedMain] INFO  o.s.w.s.m.m.a.RequestMappingHandlerMapping - Mapped "{[/admin/edituserinfo],methods=[GET]}" onto public java.lang.String com.springboot.security.SpringSecurity.controller.AdminController.editUserInfo(org.springframework.ui.Model,java.security.Principal)
2019-04-16 18:56:55 - [restartedMain] INFO  o.s.w.s.m.m.a.RequestMappingHandlerMapping - Mapped "{[/admin/dashboard],methods=[GET]}" onto public java.lang.String com.springboot.security.SpringSecurity.controller.AdminController.userDashboard(org.springframework.ui.Model,java.security.Principal)
2019-04-16 18:56:55 - [restartedMain] INFO  o.s.w.s.m.m.a.RequestMappingHandlerMapping - Mapped "{[/],methods=[GET]}" onto public java.lang.String com.springboot.security.SpringSecurity.controller.LoginController.login()
2019-04-16 18:56:55 - [restartedMain] INFO  o.s.w.s.m.m.a.RequestMappingHandlerMapping - Mapped "{[/loginfailure],methods=[GET]}" onto public java.lang.String com.springboot.security.SpringSecurity.controller.LoginController.loginfailure(org.springframework.ui.Model)
2019-04-16 18:56:55 - [restartedMain] INFO  o.s.w.s.m.m.a.RequestMappingHandlerMapping - Mapped "{[/access-denied],methods=[GET]}" onto public java.lang.String com.springboot.security.SpringSecurity.controller.LoginController.accessdenied(org.springframework.ui.Model)
2019-04-16 18:56:55 - [restartedMain] INFO  o.s.w.s.m.m.a.RequestMappingHandlerMapping - Mapped "{[/logout],methods=[GET]}" onto public java.lang.String com.springboot.security.SpringSecurity.controller.LoginController.logoutPage(javax.servlet.http.HttpServletRequest,javax.servlet.http.HttpServletResponse)
2019-04-16 18:56:55 - [restartedMain] INFO  o.s.w.s.m.m.a.RequestMappingHandlerMapping - Mapped "{[/login],methods=[GET]}" onto public java.lang.String com.springboot.security.SpringSecurity.controller.LoginController.loginpage()
2019-04-16 18:56:55 - [restartedMain] INFO  o.s.w.s.m.m.a.RequestMappingHandlerMapping - Mapped "{[/redirectdashboard],methods=[GET]}" onto public java.lang.String com.springboot.security.SpringSecurity.controller.RedirectDashboardController.redirectDashboard(java.security.Principal,org.springframework.ui.Model)
2019-04-16 18:56:55 - [restartedMain] INFO  o.s.w.s.m.m.a.RequestMappingHandlerMapping - Mapped "{[/registration],methods=[GET]}" onto public java.lang.String com.springboot.security.SpringSecurity.controller.RegistrationController.registrationPage(org.springframework.ui.Model)
2019-04-16 18:56:55 - [restartedMain] INFO  o.s.w.s.m.m.a.RequestMappingHandlerMapping - Mapped "{[/register-process],methods=[POST]}" onto public java.lang.String com.springboot.security.SpringSecurity.controller.RegistrationController.registrationPage(com.springboot.security.SpringSecurity.model.UserInfo,javax.servlet.http.HttpServletRequest)
2019-04-16 18:56:55 - [restartedMain] INFO  o.s.w.s.m.m.a.RequestMappingHandlerMapping - Mapped "{[/superadmin/updateuserinfo],methods=[POST]}" onto public java.lang.String com.springboot.security.SpringSecurity.controller.SuperAdminController.updateuserinfo(com.springboot.security.SpringSecurity.model.UserInfo,org.springframework.ui.Model,java.security.Principal,org.springframework.web.servlet.mvc.support.RedirectAttributes)
2019-04-16 18:56:55 - [restartedMain] INFO  o.s.w.s.m.m.a.RequestMappingHandlerMapping - Mapped "{[/superadmin/edituserinfo],methods=[GET]}" onto public java.lang.String com.springboot.security.SpringSecurity.controller.SuperAdminController.editUserInfo(org.springframework.ui.Model,java.security.Principal)
2019-04-16 18:56:55 - [restartedMain] INFO  o.s.w.s.m.m.a.RequestMappingHandlerMapping - Mapped "{[/superadmin/dashboard],methods=[GET]}" onto public java.lang.String com.springboot.security.SpringSecurity.controller.SuperAdminController.userDashboard(org.springframework.ui.Model,java.security.Principal)
2019-04-16 18:56:55 - [restartedMain] INFO  o.s.w.s.m.m.a.RequestMappingHandlerMapping - Mapped "{[/users/updateuserinfo],methods=[POST]}" onto public java.lang.String com.springboot.security.SpringSecurity.controller.UserController.updateuserinfo(com.springboot.security.SpringSecurity.model.UserInfo,org.springframework.ui.Model,java.security.Principal,org.springframework.web.servlet.mvc.support.RedirectAttributes)
2019-04-16 18:56:55 - [restartedMain] INFO  o.s.w.s.m.m.a.RequestMappingHandlerMapping - Mapped "{[/users/edituserinfo],methods=[GET]}" onto public java.lang.String com.springboot.security.SpringSecurity.controller.UserController.editUserInfo(org.springframework.ui.Model,java.security.Principal)
2019-04-16 18:56:55 - [restartedMain] INFO  o.s.w.s.m.m.a.RequestMappingHandlerMapping - Mapped "{[/users/dashboard],methods=[GET]}" onto public java.lang.String com.springboot.security.SpringSecurity.controller.UserController.userDashboard(org.springframework.ui.Model,java.security.Principal)
2019-04-16 18:56:55 - [restartedMain] INFO  o.s.w.s.m.m.a.RequestMappingHandlerMapping - Mapped "{[/error]}" onto public org.springframework.http.ResponseEntity<java.util.Map<java.lang.String, java.lang.Object>> org.springframework.boot.autoconfigure.web.servlet.error.BasicErrorController.error(javax.servlet.http.HttpServletRequest)
2019-04-16 18:56:55 - [restartedMain] INFO  o.s.w.s.m.m.a.RequestMappingHandlerMapping - Mapped "{[/error],produces=[text/html]}" onto public org.springframework.web.servlet.ModelAndView org.springframework.boot.autoconfigure.web.servlet.error.BasicErrorController.errorHtml(javax.servlet.http.HttpServletRequest,javax.servlet.http.HttpServletResponse)
2019-04-16 18:56:55 - [restartedMain] INFO  o.s.w.s.h.SimpleUrlHandlerMapping - Mapped URL path [/webjars/**] onto handler of type [class org.springframework.web.servlet.resource.ResourceHttpRequestHandler]
2019-04-16 18:56:55 - [restartedMain] INFO  o.s.w.s.h.SimpleUrlHandlerMapping - Mapped URL path [/**] onto handler of type [class org.springframework.web.servlet.resource.ResourceHttpRequestHandler]
2019-04-16 18:56:55 - [restartedMain] INFO  o.s.b.d.a.OptionalLiveReloadServer - LiveReload server is running on port 35729
2019-04-16 18:56:55 - [restartedMain] INFO  o.s.j.e.a.AnnotationMBeanExporter - Registering beans for JMX exposure on startup
2019-04-16 18:56:55 - [restartedMain] INFO  o.s.j.e.a.AnnotationMBeanExporter - Bean with name 'dataSource' has been autodetected for JMX exposure
2019-04-16 18:56:55 - [restartedMain] INFO  o.s.j.e.a.AnnotationMBeanExporter - Located MBean 'dataSource': registering with JMX server as MBean [com.zaxxer.hikari:name=dataSource,type=HikariDataSource]
2019-04-16 18:56:55 - [restartedMain] INFO  o.s.b.w.e.tomcat.TomcatWebServer - Tomcat started on port(s): 8080 (http) with context path ''
2019-04-16 18:56:55 - [restartedMain] INFO  c.s.s.S.SpringSecurityApplication - Started SpringSecurityApplication in 7.267 seconds (JVM running for 8.806)
2019-04-16 18:57:01 - [http-nio-8080-exec-1] INFO  o.a.c.c.C.[Tomcat].[localhost].[/] - Initializing Spring FrameworkServlet 'dispatcherServlet'
2019-04-16 18:57:01 - [http-nio-8080-exec-1] INFO  o.s.web.servlet.DispatcherServlet - FrameworkServlet 'dispatcherServlet': initialization started
2019-04-16 18:57:01 - [http-nio-8080-exec-1] INFO  o.s.web.servlet.DispatcherServlet - FrameworkServlet 'dispatcherServlet': initialization completed in 30 ms
2019-04-16 19:00:44 - [http-nio-8080-exec-10] INFO  c.s.s.S.service.LoginServcieImpl -  Inside loadUserByUsername : LoginServiceImpl  
2019-04-16 19:00:53 - [http-nio-8080-exec-4] INFO  c.s.s.S.service.LoginServcieImpl -  Inside loadUserByUsername : LoginServiceImpl  
2019-04-16 19:00:53 - [http-nio-8080-exec-5] INFO  c.s.s.S.service.LoginServcieImpl -  Inside findByEmail : UserServiceImpl  
2019-04-16 19:00:53 - [http-nio-8080-exec-6] INFO  c.s.s.S.service.LoginServcieImpl -  Inside findByEmail : UserServiceImpl  
2019-04-16 19:00:58 - [http-nio-8080-exec-7] INFO  c.s.s.S.service.LoginServcieImpl -  Inside findByEmail : UserServiceImpl  
2019-04-16 19:02:23 - [http-nio-8080-exec-10] INFO  c.s.s.S.service.LoginServcieImpl -  Inside findByEmail : UserServiceImpl  
2019-04-16 19:02:27 - [http-nio-8080-exec-2] INFO  c.s.s.S.service.LoginServcieImpl -  Inside findByEmail : UserServiceImpl  
2019-04-16 19:02:27 - [http-nio-8080-exec-2] INFO  c.s.s.S.service.LoginServcieImpl -  Inside update : UserServiceImpl  
2019-04-16 19:02:27 - [http-nio-8080-exec-3] INFO  c.s.s.S.service.LoginServcieImpl -  Inside findByEmail : UserServiceImpl  
